INFO: Creating gamelist.xml in '/recalbox/share/roms/readystream/apple2/gamelist.xml'
DEBUG: Adding new entry for '1040WORKS (Disk 1) (Unknown) (Side A)' in '/recalbox/share/roms/readystream/apple2/gamelist.xml'
DEBUG: Adding new entry for '1040WORKS Utilities (Disk 1) (Unknown) (Side A)' in '/recalbox/share/roms/readystream/apple2/gamelist.xml'
DEBUG: Adding new entry for '3DChart! (Disk 1) (Unknown) (Side A)' in '/recalbox/share/roms/readystream/apple2/gamelist.xml'
DEBUG: Adding new entry for '3DChart! (Disk 1) (Unknown) (Side B)' in '/recalbox/share/roms/readystream/apple2/gamelist.xml'
DEBUG: Adding new entry for 'A City Dies Whenever Night Falls (Disk 1) (Unknown) (Side A)' in '/recalbox/share/roms/readystream/apple2/gamelist.xml'
DEBUG: Adding new entry for 'A Mind Forever Voyaging (Disk 1) (Unknown)' in '/recalbox/share/roms/readystream/apple2/gamelist.xml'
DEBUG: Adding new entry for 'A Treasure Hunt of Facts - Prescription Disk (Alt) (Unknown)' in '/recalbox/share/roms/readystream/apple2/gamelist.xml'
DEBUG: Adding new entry for 'A Treasure Hunt of Facts - Prescription Disk (Unknown)' in '/recalbox/share/roms/readystream/apple2/gamelist.xml'
DEBUG: Adding new entry for 'A Treasure Hunt of Facts - Skill-Building Disk (Alt) (Unknown)' in '/recalbox/share/roms/readystream/apple2/gamelist.xml'
DEBUG: Adding new entry for 'A Treasure Hunt of Facts - Skill-Building Disk (Unknown)' in '/recalbox/share/roms/readystream/apple2/gamelist.xml'
DEBUG: Adding new entry for 'AW 3 Expander (Disk 1) (Unknown) (Side A)' in '/recalbox/share/roms/readystream/apple2/gamelist.xml'
DEBUG: Adding new entry for 'AW 3 Expander (Disk 1) (Unknown) (Side B)' in '/recalbox/share/roms/readystream/apple2/gamelist.xml'
DEBUG: Adding new entry for 'Airheart - 1 (Unknown)' in '/recalbox/share/roms/readystream/apple2/gamelist.xml'
DEBUG: Adding new entry for 'Alpha Plot (Disk 1) (Unknown) (Side A)' in '/recalbox/share/roms/readystream/apple2/gamelist.xml'
DEBUG: Adding new entry for 'AlphaChart! (Disk 1) (Unknown) (Side A)' in '/recalbox/share/roms/readystream/apple2/gamelist.xml'
DEBUG: Adding new entry for 'AlphaChart! (Disk 1) (Unknown) (Side B)' in '/recalbox/share/roms/readystream/apple2/gamelist.xml'
DEBUG: Adding new entry for 'Amazon (Disk 1) (Unknown) (Side A)' in '/recalbox/share/roms/readystream/apple2/gamelist.xml'
DEBUG: Adding new entry for 'Amazon (Disk 1) (Unknown) (Side B)' in '/recalbox/share/roms/readystream/apple2/gamelist.xml'
DEBUG: Adding new entry for 'Amazon (Disk 2) (Unknown) (Side B)' in '/recalbox/share/roms/readystream/apple2/gamelist.xml'
DEBUG: Adding new entry for 'Amazon - Boot (Unknown)' in '/recalbox/share/roms/readystream/apple2/gamelist.xml'
DEBUG: Adding new entry for 'Andrew Tobias Managing Your Money (Disk 1) (Unknown) (Side A)' in '/recalbox/share/roms/readystream/apple2/gamelist.xml'
DEBUG: Adding new entry for 'Andrew Tobias Managing Your Money (Disk 1) (Unknown) (Side B)' in '/recalbox/share/roms/readystream/apple2/gamelist.xml'
DEBUG: Adding new entry for 'Andrew Tobias Managing Your Money (Disk 2) (Unknown) (Side A)' in '/recalbox/share/roms/readystream/apple2/gamelist.xml'
DEBUG: Adding new entry for 'Andrew Tobias Managing Your Money (Disk 2) (Unknown) (Side B)' in '/recalbox/share/roms/readystream/apple2/gamelist.xml'
DEBUG: Adding new entry for 'Andrew Tobias Managing Your Money (Disk 3) (Unknown) (Side A)' in '/recalbox/share/roms/readystream/apple2/gamelist.xml'
DEBUG: Adding new entry for 'Andrew Tobias Managing Your Money (Disk 3) (Unknown) (Side B)' in '/recalbox/share/roms/readystream/apple2/gamelist.xml'
DEBUG: Adding new entry for 'Andrew Tobias Managing Your Money (Disk 4) (Unknown) (Side A)' in '/recalbox/share/roms/readystream/apple2/gamelist.xml'
DEBUG: Adding new entry for 'Andrew Tobias Managing Your Money (Disk 4) (Unknown) (Side B)' in '/recalbox/share/roms/readystream/apple2/gamelist.xml'
DEBUG: Adding new entry for 'Andrew Tobias Managing Your Money (Disk 5) (Unknown) (Side A)' in '/recalbox/share/roms/readystream/apple2/gamelist.xml'
DEBUG: Adding new entry for 'Andrew Tobias Managing Your Money (Disk 5) (Unknown) (Side B)' in '/recalbox/share/roms/readystream/apple2/gamelist.xml'
DEBUG: Adding new entry for 'Andrew Tobias Managing Your Money - Disk 1, Side A (Alt 2) (Unknown)' in '/recalbox/share/roms/readystream/apple2/gamelist.xml'
DEBUG: Adding new entry for 'Andrew Tobias Managing Your Money - Disk 1, Side A (Alt) (Unknown)' in '/recalbox/share/roms/readystream/apple2/gamelist.xml'
DEBUG: Adding new entry for 'Andrew Tobias Managing Your Money - Disk 1, Side B (Alt 2) (Unknown)' in '/recalbox/share/roms/readystream/apple2/gamelist.xml'
DEBUG: Adding new entry for 'Andrew Tobias Managing Your Money - Disk 1, Side B (Alt) (Unknown)' in '/recalbox/share/roms/readystream/apple2/gamelist.xml'
DEBUG: Adding new entry for 'Andrew Tobias Managing Your Money - Disk 2, Side A (Alt 2) (Unknown)' in '/recalbox/share/roms/readystream/apple2/gamelist.xml'
DEBUG: Adding new entry for 'Andrew Tobias Managing Your Money - Disk 2, Side A (Alt) (Unknown)' in '/recalbox/share/roms/readystream/apple2/gamelist.xml'
DEBUG: Adding new entry for 'Andrew Tobias Managing Your Money - Disk 2, Side B (Alt 2) (Unknown)' in '/recalbox/share/roms/readystream/apple2/gamelist.xml'
DEBUG: Adding new entry for 'Andrew Tobias Managing Your Money - Disk 2, Side B (Alt) (Unknown)' in '/recalbox/share/roms/readystream/apple2/gamelist.xml'
DEBUG: Adding new entry for 'Andrew Tobias Managing Your Money - Disk 3, Side A (Alt 2) (Unknown)' in '/recalbox/share/roms/readystream/apple2/gamelist.xml'
DEBUG: Adding new entry for 'Andrew Tobias Managing Your Money - Disk 3, Side A (Alt) (Unknown)' in '/recalbox/share/roms/readystream/apple2/gamelist.xml'
DEBUG: Adding new entry for 'Andrew Tobias Managing Your Money - Disk 3, Side B (Alt 2) (Unknown)' in '/recalbox/share/roms/readystream/apple2/gamelist.xml'
DEBUG: Adding new entry for 'Andrew Tobias Managing Your Money - Disk 3, Side B (Alt) (Unknown)' in '/recalbox/share/roms/readystream/apple2/gamelist.xml'
DEBUG: Adding new entry for 'Andrew Tobias Managing Your Money - Disk 4, Side A (Alt 2) (Unknown)' in '/recalbox/share/roms/readystream/apple2/gamelist.xml'
DEBUG: Adding new entry for 'Andrew Tobias Managing Your Money - Disk 4, Side A (Alt) (Unknown)' in '/recalbox/share/roms/readystream/apple2/gamelist.xml'
DEBUG: Adding new entry for 'Andrew Tobias Managing Your Money - Disk 4, Side B (Alt 2) (Unknown)' in '/recalbox/share/roms/readystream/apple2/gamelist.xml'
DEBUG: Adding new entry for 'Andrew Tobias Managing Your Money - Disk 4, Side B (Alt) (Unknown)' in '/recalbox/share/roms/readystream/apple2/gamelist.xml'
DEBUG: Adding new entry for 'Andrew Tobias Managing Your Money - Disk 5, Side A (Alt 2) (Unknown)' in '/recalbox/share/roms/readystream/apple2/gamelist.xml'
DEBUG: Adding new entry for 'Andrew Tobias Managing Your Money - Disk 5, Side A (Alt) (Unknown)' in '/recalbox/share/roms/readystream/apple2/gamelist.xml'
DEBUG: Adding new entry for 'Andrew Tobias Managing Your Money - Disk 5, Side B (Alt 2) (Unknown)' in '/recalbox/share/roms/readystream/apple2/gamelist.xml'
DEBUG: Adding new entry for 'Andrew Tobias Managing Your Money - Disk 5, Side B (Alt) (Unknown)' in '/recalbox/share/roms/readystream/apple2/gamelist.xml'
DEBUG: Adding new entry for 'Animate - Animation Library (Unknown)' in '/recalbox/share/roms/readystream/apple2/gamelist.xml'
DEBUG: Adding new entry for 'Animate - Background Library (Unknown)' in '/recalbox/share/roms/readystream/apple2/gamelist.xml'
DEBUG: Adding new entry for 'Animate - Boot A (Unknown)' in '/recalbox/share/roms/readystream/apple2/gamelist.xml'
DEBUG: Adding new entry for 'Animate - Boot B (Unknown)' in '/recalbox/share/roms/readystream/apple2/gamelist.xml'
DEBUG: Adding new entry for 'Animate - Demonstration Show (Unknown)' in '/recalbox/share/roms/readystream/apple2/gamelist.xml'
DEBUG: Adding new entry for 'Animate - Programmer's Aids (Unknown)' in '/recalbox/share/roms/readystream/apple2/gamelist.xml'
DEBUG: Adding new entry for 'Apple Pascal - Apple 0 (Unknown)' in '/recalbox/share/roms/readystream/apple2/gamelist.xml'
DEBUG: Adding new entry for 'Apple Pascal - Apple 1 (Unknown)' in '/recalbox/share/roms/readystream/apple2/gamelist.xml'
DEBUG: Adding new entry for 'Apple Pascal - Apple 2 (Unknown)' in '/recalbox/share/roms/readystream/apple2/gamelist.xml'
DEBUG: Adding new entry for 'AppleWorks - Dictionary (Alt) (Unknown)' in '/recalbox/share/roms/readystream/apple2/gamelist.xml'
DEBUG: Adding new entry for 'AppleWorks - Dictionary (Unknown)' in '/recalbox/share/roms/readystream/apple2/gamelist.xml'
DEBUG: Adding new entry for 'AppleWorks - Spreadsheet (Alt) (Unknown)' in '/recalbox/share/roms/readystream/apple2/gamelist.xml'
DEBUG: Adding new entry for 'AppleWorks - Spreadsheet (Unknown)' in '/recalbox/share/roms/readystream/apple2/gamelist.xml'
DEBUG: Adding new entry for 'AppleWorks - StartUp (Unknown)' in '/recalbox/share/roms/readystream/apple2/gamelist.xml'
DEBUG: Adding new entry for 'AppleWorks - Word Processor and Data Base (Unknown)' in '/recalbox/share/roms/readystream/apple2/gamelist.xml'
DEBUG: Adding new entry for 'AppleWorks 2 Expander (Disk 1) (Unknown) (Side A)' in '/recalbox/share/roms/readystream/apple2/gamelist.xml'
DEBUG: Adding new entry for 'AppleWorks Program Word Processor and Data Base (Disk 1) (Unknown) (Side A)' in '/recalbox/share/roms/readystream/apple2/gamelist.xml'
DEBUG: Adding new entry for 'AppleWorks Sample Files (Disk 1) (Alt) (Unknown) (Side A)' in '/recalbox/share/roms/readystream/apple2/gamelist.xml'
DEBUG: Adding new entry for 'AppleWorks Sample Files (Disk 1) (Unknown) (Side A) (Alt 2)' in '/recalbox/share/roms/readystream/apple2/gamelist.xml'
DEBUG: Adding new entry for 'AppleWorks Sample Files (Disk 1) (Unknown) (Side A)' in '/recalbox/share/roms/readystream/apple2/gamelist.xml'
DEBUG: Adding new entry for 'AppleWorks Sample Files (Disk 1) (Unknown) (Side B)' in '/recalbox/share/roms/readystream/apple2/gamelist.xml'
DEBUG: Adding new entry for 'AppleWorks StartUp (Disk 1) (Unknown) (Side A)' in '/recalbox/share/roms/readystream/apple2/gamelist.xml'
DEBUG: Adding new entry for 'AppleWorks Training (Disk 1) (Unknown) (Side A)' in '/recalbox/share/roms/readystream/apple2/gamelist.xml'
DEBUG: Adding new entry for 'AppleWorks Training (Disk 1) (Unknown) (Side B)' in '/recalbox/share/roms/readystream/apple2/gamelist.xml'
DEBUG: Adding new entry for 'Archon (Disk 1) (Unknown) (Side A)' in '/recalbox/share/roms/readystream/apple2/gamelist.xml'
DEBUG: Adding new entry for 'Astro-Gover (Disk 1) (Unknown) (Side A)' in '/recalbox/share/roms/readystream/apple2/gamelist.xml'
DEBUG: Adding new entry for 'Autoduel (Disk 1) (Unknown) (Side A)' in '/recalbox/share/roms/readystream/apple2/gamelist.xml'
DEBUG: Adding new entry for 'Autoduel (Disk 1) (Unknown) (Side B)' in '/recalbox/share/roms/readystream/apple2/gamelist.xml'
DEBUG: Adding new entry for 'Axis Assassin (Disk 1) (Unknown) (Side A)' in '/recalbox/share/roms/readystream/apple2/gamelist.xml'
DEBUG: Adding new entry for 'BASIC Computer Programs for the Home (Disk 1) (Unknown) (Side A)' in '/recalbox/share/roms/readystream/apple2/gamelist.xml'
DEBUG: Adding new entry for 'BASIC Computer Programs for the Home (Disk 1) (Unknown) (Side B)' in '/recalbox/share/roms/readystream/apple2/gamelist.xml'
DEBUG: Adding new entry for 'Bank Street Filer - Program Disk (Unknown)' in '/recalbox/share/roms/readystream/apple2/gamelist.xml'
DEBUG: Adding new entry for 'Bank Street Writer (Disk 1) (Alt) (Unknown) (Side A)' in '/recalbox/share/roms/readystream/apple2/gamelist.xml'
DEBUG: Adding new entry for 'Bank Street Writer (Disk 1) (Unknown) (Side A)' in '/recalbox/share/roms/readystream/apple2/gamelist.xml'
DEBUG: Adding new entry for 'Bank Street Writer (Disk 1) (Unknown) (Side B)' in '/recalbox/share/roms/readystream/apple2/gamelist.xml'
DEBUG: Adding new entry for 'Barron's Computer Study Program For The SAT (Disk 1) (Unknown) (Side A)' in '/recalbox/share/roms/readystream/apple2/gamelist.xml'
DEBUG: Adding new entry for 'Barron's Computer Study Program For The SAT (Disk 1) (Unknown) (Side B)' in '/recalbox/share/roms/readystream/apple2/gamelist.xml'
DEBUG: Adding new entry for 'Barron's Computer Study Program For The SAT (Disk 2) (Unknown) (Side A)' in '/recalbox/share/roms/readystream/apple2/gamelist.xml'
DEBUG: Adding new entry for 'Barron's Computer Study Program For The SAT (Disk 2) (Unknown) (Side B)' in '/recalbox/share/roms/readystream/apple2/gamelist.xml'
DEBUG: Adding new entry for 'Barron's Computer Study Program For The SAT (Disk 3) (Unknown) (Side A)' in '/recalbox/share/roms/readystream/apple2/gamelist.xml'
DEBUG: Adding new entry for 'Barron's Computer Study Program For The SAT (Disk 3) (Unknown) (Side B)' in '/recalbox/share/roms/readystream/apple2/gamelist.xml'
DEBUG: Adding new entry for 'Beach-head II (Disk 1) (Unknown) (Side A)' in '/recalbox/share/roms/readystream/apple2/gamelist.xml'
DEBUG: Adding new entry for 'Beagle Bag (Disk 1) (Unknown) (Side A)' in '/recalbox/share/roms/readystream/apple2/gamelist.xml'
DEBUG: Adding new entry for 'BeagleWorks (Disk 1) (Unknown)' in '/recalbox/share/roms/readystream/apple2/gamelist.xml'
DEBUG: Adding new entry for 'BeagleWorks (Disk 2) (Unknown)' in '/recalbox/share/roms/readystream/apple2/gamelist.xml'
DEBUG: Adding new entry for 'BeagleWorks (Disk 3) (Unknown)' in '/recalbox/share/roms/readystream/apple2/gamelist.xml'
DEBUG: Adding new entry for 'Beyond Castle Wolfenstein (Disk 1) (Unknown) (Side A)' in '/recalbox/share/roms/readystream/apple2/gamelist.xml'
DEBUG: Adding new entry for 'Beyond Castle Wolfenstein (USA)' in '/recalbox/share/roms/readystream/apple2/gamelist.xml'
DEBUG: Adding new entry for 'Big Bird's Special Delivery (Disk 1) (Unknown) (Side A)' in '/recalbox/share/roms/readystream/apple2/gamelist.xml'
DEBUG: Adding new entry for 'Borrowed Time (Disk 1) (Unknown) (Side A)' in '/recalbox/share/roms/readystream/apple2/gamelist.xml'
DEBUG: Adding new entry for 'Borrowed Time (Disk 1) (Unknown) (Side B)' in '/recalbox/share/roms/readystream/apple2/gamelist.xml'
DEBUG: Adding new entry for 'Bridge Partner (Disk 1) (Unknown) (Side A)' in '/recalbox/share/roms/readystream/apple2/gamelist.xml'
DEBUG: Adding new entry for 'Building Reading Skills (Disk 1) (Unknown) (Side A)' in '/recalbox/share/roms/readystream/apple2/gamelist.xml'
DEBUG: Adding new entry for 'COMMAND.COM and PINPOINT (Disk 1) (Unknown) (Side A)' in '/recalbox/share/roms/readystream/apple2/gamelist.xml'
DEBUG: Adding new entry for 'COMMAND.COM and PINPOINT (Disk 1) (Unknown) (Side B)' in '/recalbox/share/roms/readystream/apple2/gamelist.xml'
DEBUG: Adding new entry for 'Centauri Alliance (Disk 1) (Unknown) (Side A)' in '/recalbox/share/roms/readystream/apple2/gamelist.xml'
DEBUG: Adding new entry for 'Centauri Alliance - Roster (Unknown)' in '/recalbox/share/roms/readystream/apple2/gamelist.xml'
DEBUG: Adding new entry for 'Centauri Alliance - Scenario 1 (Unknown)' in '/recalbox/share/roms/readystream/apple2/gamelist.xml'
DEBUG: Adding new entry for 'Centauri Alliance - Scenario 2 (Unknown)' in '/recalbox/share/roms/readystream/apple2/gamelist.xml'
DEBUG: Adding new entry for 'Centauri Alliance - Scenario 3 (Unknown)' in '/recalbox/share/roms/readystream/apple2/gamelist.xml'
DEBUG: Adding new entry for 'Centauri Alliance - Scenario 4 (Unknown)' in '/recalbox/share/roms/readystream/apple2/gamelist.xml'
DEBUG: Adding new entry for 'Championship Golf (Disk 1) (Unknown) (Side A)' in '/recalbox/share/roms/readystream/apple2/gamelist.xml'
DEBUG: Adding new entry for 'Championship Wrestling (Disk 1) (Unknown) (Side A)' in '/recalbox/share/roms/readystream/apple2/gamelist.xml'
DEBUG: Adding new entry for 'Championship Wrestling (Disk 1) (Unknown) (Side B)' in '/recalbox/share/roms/readystream/apple2/gamelist.xml'
DEBUG: Adding new entry for 'Checker King (Disk 1) (Unknown) (Side A)' in '/recalbox/share/roms/readystream/apple2/gamelist.xml'
DEBUG: Adding new entry for 'Claris AppleWorks Startup (Disk 1) (Unknown)' in '/recalbox/share/roms/readystream/apple2/gamelist.xml'
DEBUG: Adding new entry for 'Cloze Plus Program - Level C-1 (Ancient Rome) (Unknown)' in '/recalbox/share/roms/readystream/apple2/gamelist.xml'
DEBUG: Adding new entry for 'Cloze Plus Program - Level C-2 (Bloodhounds) (Unknown)' in '/recalbox/share/roms/readystream/apple2/gamelist.xml'
DEBUG: Adding new entry for 'Cloze Plus Program - Level C-3 (Annie Oakley) (Unknown)' in '/recalbox/share/roms/readystream/apple2/gamelist.xml'
DEBUG: Adding new entry for 'Cloze Plus Program - Level C-4 (Fireworksy) (Unknown)' in '/recalbox/share/roms/readystream/apple2/gamelist.xml'
DEBUG: Adding new entry for 'Cloze Plus Program - Level D-1 (Unknown)' in '/recalbox/share/roms/readystream/apple2/gamelist.xml'
DEBUG: Adding new entry for 'Cloze Plus Program - Level D-2 (Unknown)' in '/recalbox/share/roms/readystream/apple2/gamelist.xml'
DEBUG: Adding new entry for 'Cloze Plus Program - Level D-3 (Unknown)' in '/recalbox/share/roms/readystream/apple2/gamelist.xml'
DEBUG: Adding new entry for 'Cloze Plus Program - Level D-4 (Unknown)' in '/recalbox/share/roms/readystream/apple2/gamelist.xml'
DEBUG: Adding new entry for 'Cloze Plus Program - Level E-1 (Unknown)' in '/recalbox/share/roms/readystream/apple2/gamelist.xml'
DEBUG: Adding new entry for 'Cloze Plus Program - Level E-2 (Unknown)' in '/recalbox/share/roms/readystream/apple2/gamelist.xml'
DEBUG: Adding new entry for 'Cloze Plus Program - Level E-3 (Unknown)' in '/recalbox/share/roms/readystream/apple2/gamelist.xml'
DEBUG: Adding new entry for 'Cloze Plus Program - Level E-4 (Unknown)' in '/recalbox/share/roms/readystream/apple2/gamelist.xml'
DEBUG: Adding new entry for 'Computer Conflict (Disk 1) (Unknown) (Side A)' in '/recalbox/share/roms/readystream/apple2/gamelist.xml'
DEBUG: Adding new entry for 'Copy II Plus Version 9 (Disk 1) (Unknown)' in '/recalbox/share/roms/readystream/apple2/gamelist.xml'
DEBUG: Adding new entry for 'Copy II Plus Version 9.0 (Disk 1) (Unknown) (Side A)' in '/recalbox/share/roms/readystream/apple2/gamelist.xml'
DEBUG: Adding new entry for 'Cosmic Balance (Disk 1) (Unknown) (Side A)' in '/recalbox/share/roms/readystream/apple2/gamelist.xml'
DEBUG: Adding new entry for 'Cosmic Balance II (Disk 1) (Unknown) (Side A)' in '/recalbox/share/roms/readystream/apple2/gamelist.xml'
DEBUG: Adding new entry for 'County Fair (Disk 1) (Unknown) (Side A)' in '/recalbox/share/roms/readystream/apple2/gamelist.xml'
DEBUG: Adding new entry for 'Create A Calendar - Graphics,Borders,Typestyles (Unknown)' in '/recalbox/share/roms/readystream/apple2/gamelist.xml'
DEBUG: Adding new entry for 'Create A Calendar - Program (Unknown)' in '/recalbox/share/roms/readystream/apple2/gamelist.xml'
DEBUG: Adding new entry for 'Creative Writer (Disk 1) (Unknown)' in '/recalbox/share/roms/readystream/apple2/gamelist.xml'
DEBUG: Adding new entry for 'Creative Writer (Disk 2) (Unknown)' in '/recalbox/share/roms/readystream/apple2/gamelist.xml'
DEBUG: Adding new entry for 'Creative Writer (Disk 3) (Unknown)' in '/recalbox/share/roms/readystream/apple2/gamelist.xml'
DEBUG: Adding new entry for 'Creative Writer (Disk 4) (Unknown)' in '/recalbox/share/roms/readystream/apple2/gamelist.xml'
DEBUG: Adding new entry for 'Creative Writer (Disk 5) (Unknown)' in '/recalbox/share/roms/readystream/apple2/gamelist.xml'
DEBUG: Adding new entry for 'Critical Reading A (Disk 1) (Unknown) (Side A)' in '/recalbox/share/roms/readystream/apple2/gamelist.xml'
DEBUG: Adding new entry for 'Critical Reading B (Disk 2) (Unknown) (Side A)' in '/recalbox/share/roms/readystream/apple2/gamelist.xml'
DEBUG: Adding new entry for 'Critical Reading C damaged (Disk 3) (Unknown) (Side A)' in '/recalbox/share/roms/readystream/apple2/gamelist.xml'
DEBUG: Adding new entry for 'Critical Reading D (Disk 4) (Unknown) (Side A)' in '/recalbox/share/roms/readystream/apple2/gamelist.xml'
DEBUG: Adding new entry for 'Critical Reading E (Disk 5) (Unknown) (Side A)' in '/recalbox/share/roms/readystream/apple2/gamelist.xml'
DEBUG: Adding new entry for 'Critical Reading F (Disk 6) (Unknown) (Side A)' in '/recalbox/share/roms/readystream/apple2/gamelist.xml'
DEBUG: Adding new entry for 'Critical Reading G (Disk 7) (Unknown) (Side A)' in '/recalbox/share/roms/readystream/apple2/gamelist.xml'
DEBUG: Adding new entry for 'Critical Reading H (Disk 8) (Unknown) (Side A)' in '/recalbox/share/roms/readystream/apple2/gamelist.xml'
DEBUG: Adding new entry for 'Crossword Magic (Disk 1) (Unknown) (Side A)' in '/recalbox/share/roms/readystream/apple2/gamelist.xml'
DEBUG: Adding new entry for 'CurvePlotter! (Disk 1) (Unknown) (Side A)' in '/recalbox/share/roms/readystream/apple2/gamelist.xml'
DEBUG: Adding new entry for 'CurvePlotter! (Disk 1) (Unknown) (Side B)' in '/recalbox/share/roms/readystream/apple2/gamelist.xml'
DEBUG: Adding new entry for 'Cytron Masters (Disk 1) (Unknown) (Side A)' in '/recalbox/share/roms/readystream/apple2/gamelist.xml'
DEBUG: Adding new entry for 'DClock Utilities (Disk 1) (Unknown) (Side A)' in '/recalbox/share/roms/readystream/apple2/gamelist.xml'
DEBUG: Adding new entry for 'DOS 3.3 RamFactor Utilities (Disk 1) (Unknown) (Side A)' in '/recalbox/share/roms/readystream/apple2/gamelist.xml'
DEBUG: Adding new entry for 'DOS 3.3 System Master (Disk 1) (Unknown) (Side A)' in '/recalbox/share/roms/readystream/apple2/gamelist.xml'
DEBUG: Adding new entry for 'Data-Plot (Disk 1) (Unknown) (Side A)' in '/recalbox/share/roms/readystream/apple2/gamelist.xml'
DEBUG: Adding new entry for 'Datacopy AccuText (Disk 1) (Unknown)' in '/recalbox/share/roms/readystream/apple2/gamelist.xml'
DEBUG: Adding new entry for 'Datacopy AccuText (Disk 2) (Unknown)' in '/recalbox/share/roms/readystream/apple2/gamelist.xml'
DEBUG: Adding new entry for 'Delta Drawing (Disk 1) (Unknown) (Side A)' in '/recalbox/share/roms/readystream/apple2/gamelist.xml'
DEBUG: Adding new entry for 'Dig Dug (Disk 1) (Unknown) (Side A)' in '/recalbox/share/roms/readystream/apple2/gamelist.xml'
DEBUG: Adding new entry for 'Dollars and Sense (Disk 1) (Unknown) (Side A)' in '/recalbox/share/roms/readystream/apple2/gamelist.xml'
DEBUG: Adding new entry for 'Dollars and Sense (Disk 1) (Unknown) (Side B)' in '/recalbox/share/roms/readystream/apple2/gamelist.xml'
DEBUG: Adding new entry for 'Dragon Mix (Disk 1) (Unknown) (Side A)' in '/recalbox/share/roms/readystream/apple2/gamelist.xml'
DEBUG: Adding new entry for 'Dragonworld - A (Unknown)' in '/recalbox/share/roms/readystream/apple2/gamelist.xml'
DEBUG: Adding new entry for 'Dragonworld - B (Unknown)' in '/recalbox/share/roms/readystream/apple2/gamelist.xml'
DEBUG: Adding new entry for 'Dragonworld - C (Unknown)' in '/recalbox/share/roms/readystream/apple2/gamelist.xml'
DEBUG: Adding new entry for 'Dragonworld - D (Unknown)' in '/recalbox/share/roms/readystream/apple2/gamelist.xml'
DEBUG: Adding new entry for 'Dragonworld - E (Unknown)' in '/recalbox/share/roms/readystream/apple2/gamelist.xml'
DEBUG: Adding new entry for 'Drugs - Their Effects On You (Unknown) (Side A)' in '/recalbox/share/roms/readystream/apple2/gamelist.xml'
DEBUG: Adding new entry for 'Drugs - Their Effects On You (Unknown) (Side B)' in '/recalbox/share/roms/readystream/apple2/gamelist.xml'
DEBUG: Adding new entry for 'Dunjonquest - Curse of Ra (Disk 1) (Unknown) (Side A)' in '/recalbox/share/roms/readystream/apple2/gamelist.xml'
DEBUG: Adding new entry for 'Electrik Circus (Disk 1) (Unknown) (Side A)' in '/recalbox/share/roms/readystream/apple2/gamelist.xml'
DEBUG: Adding new entry for 'F-15 Strike Eagle (Disk 1) (Unknown) (Side A) (Alt)' in '/recalbox/share/roms/readystream/apple2/gamelist.xml'
DEBUG: Adding new entry for 'F-15 Strike Eagle (Disk 1) (Unknown) (Side A)' in '/recalbox/share/roms/readystream/apple2/gamelist.xml'
DEBUG: Adding new entry for 'Fat City (Disk 1) (Unknown) (Side A)' in '/recalbox/share/roms/readystream/apple2/gamelist.xml'
DEBUG: Adding new entry for 'Fine Artist (Disk 1) (Unknown)' in '/recalbox/share/roms/readystream/apple2/gamelist.xml'
DEBUG: Adding new entry for 'Fine Artist (Disk 2) (Unknown)' in '/recalbox/share/roms/readystream/apple2/gamelist.xml'
DEBUG: Adding new entry for 'Fine Artist (Disk 3) (Unknown)' in '/recalbox/share/roms/readystream/apple2/gamelist.xml'
DEBUG: Adding new entry for 'Fine Artist (Disk 4) (Unknown)' in '/recalbox/share/roms/readystream/apple2/gamelist.xml'
DEBUG: Adding new entry for 'Fine Artist (Disk 5) (Unknown)' in '/recalbox/share/roms/readystream/apple2/gamelist.xml'
DEBUG: Adding new entry for 'Flex Type (Disk 1) (Unknown) (Side A)' in '/recalbox/share/roms/readystream/apple2/gamelist.xml'
DEBUG: Adding new entry for 'Flight Simulator II (Disk 1) (Unknown) (Side A)' in '/recalbox/share/roms/readystream/apple2/gamelist.xml'
DEBUG: Adding new entry for 'Flight Siulator II (Disk 1) (Unknown) (Side A)' in '/recalbox/share/roms/readystream/apple2/gamelist.xml'
DEBUG: Adding new entry for 'Fortran - FORT 2 (Unknown)' in '/recalbox/share/roms/readystream/apple2/gamelist.xml'
DEBUG: Adding new entry for 'Gammon Gambler (Disk 1) (Unknown) (Side A)' in '/recalbox/share/roms/readystream/apple2/gamelist.xml'
DEBUG: Adding new entry for 'Graphics Exhibitor (Disk 1) (Unknown) (Side A)' in '/recalbox/share/roms/readystream/apple2/gamelist.xml'
DEBUG: Adding new entry for 'Guadalcanal Campaign (Disk 1) (Unknown) (Side A)' in '/recalbox/share/roms/readystream/apple2/gamelist.xml'
DEBUG: Adding new entry for 'HabaMerge (Disk 1) (Unknown) (Side A)' in '/recalbox/share/roms/readystream/apple2/gamelist.xml'
DEBUG: Adding new entry for 'Hard Hat Mack (Disk 1) (Unknown) (Side A)' in '/recalbox/share/roms/readystream/apple2/gamelist.xml'
DEBUG: Adding new entry for 'Highrise (Disk 1) (Unknown) (Side A)' in '/recalbox/share/roms/readystream/apple2/gamelist.xml'
DEBUG: Adding new entry for 'Hitchhiker's Guide to the Galaxy (Disk 1) (Unknown) (Side A)' in '/recalbox/share/roms/readystream/apple2/gamelist.xml'
DEBUG: Adding new entry for 'HomePak (Disk 1) (Unknown) (Side A)' in '/recalbox/share/roms/readystream/apple2/gamelist.xml'
DEBUG: Adding new entry for 'HomeVideo Producer (Disk 1) (Unknown) (Side A)' in '/recalbox/share/roms/readystream/apple2/gamelist.xml'
DEBUG: Adding new entry for 'HomeVideo Producer (Disk 1) (Unknown) (Side B)' in '/recalbox/share/roms/readystream/apple2/gamelist.xml'
DEBUG: Adding new entry for 'HomeVideo Producer (Disk 2) (Unknown) (Side A)' in '/recalbox/share/roms/readystream/apple2/gamelist.xml'
DEBUG: Adding new entry for 'Homeword Plus - Master Program (Unknown)' in '/recalbox/share/roms/readystream/apple2/gamelist.xml'
DEBUG: Adding new entry for 'Homeword Plus - ProDOS System Utilities (Unknown)' in '/recalbox/share/roms/readystream/apple2/gamelist.xml'
DEBUG: Adding new entry for 'Homeword Plus - Speller (Unknown)' in '/recalbox/share/roms/readystream/apple2/gamelist.xml'
DEBUG: Adding new entry for 'House of Usher (Disk 1) (Unknown) (Side A)' in '/recalbox/share/roms/readystream/apple2/gamelist.xml'
DEBUG: Adding new entry for 'Infiltrator II (Disk 1) (Unknown) (Side A)' in '/recalbox/share/roms/readystream/apple2/gamelist.xml'
DEBUG: Adding new entry for 'Infiltrator II (Disk 1) (Unknown) (Side B)' in '/recalbox/share/roms/readystream/apple2/gamelist.xml'
DEBUG: Adding new entry for 'InfoMerge (Disk 1) (Unknown) (Side A)' in '/recalbox/share/roms/readystream/apple2/gamelist.xml'
DEBUG: Adding new entry for 'InfoMerge (Disk 1) (Unknown) (Side B)' in '/recalbox/share/roms/readystream/apple2/gamelist.xml'
DEBUG: Adding new entry for 'Interlude ][ (Disk 1) (Unknown) (Side A)' in '/recalbox/share/roms/readystream/apple2/gamelist.xml'
DEBUG: Adding new entry for 'Jeopardy! (Disk 1) (Unknown) (Side A)' in '/recalbox/share/roms/readystream/apple2/gamelist.xml'
DEBUG: Adding new entry for 'Jeopardy! (Disk 1) (Unknown) (Side B)' in '/recalbox/share/roms/readystream/apple2/gamelist.xml'
DEBUG: Adding new entry for 'Jeopardy! Junior Edition (Disk 1) (Unknown) (Side A)' in '/recalbox/share/roms/readystream/apple2/gamelist.xml'
DEBUG: Adding new entry for 'Jeopardy! Junior Edition (Disk 1) (Unknown) (Side B)' in '/recalbox/share/roms/readystream/apple2/gamelist.xml'
DEBUG: Adding new entry for 'John Madden Football (Disk 1) (Unknown) (Side A)' in '/recalbox/share/roms/readystream/apple2/gamelist.xml'
DEBUG: Adding new entry for 'John Madden Football (Disk 1) (Unknown) (Side B)' in '/recalbox/share/roms/readystream/apple2/gamelist.xml'
DEBUG: Adding new entry for 'Karate Champ (Disk 1) (Unknown) (Side A)' in '/recalbox/share/roms/readystream/apple2/gamelist.xml'
DEBUG: Adding new entry for 'Koalapainter (Disk 1) (Unknown) (Side A)' in '/recalbox/share/roms/readystream/apple2/gamelist.xml'
DEBUG: Adding new entry for 'Labels,Labels, Labels (Disk 1) (Unknown)' in '/recalbox/share/roms/readystream/apple2/gamelist.xml'
DEBUG: Adding new entry for 'Master of the Lamps - A (Bad) (Unknown)' in '/recalbox/share/roms/readystream/apple2/gamelist.xml'
DEBUG: Adding new entry for 'Master of the Lamps - B (Bad) (Unknown)' in '/recalbox/share/roms/readystream/apple2/gamelist.xml'
DEBUG: Adding new entry for 'MasterType (Disk 1) (Unknown) (Side A)' in '/recalbox/share/roms/readystream/apple2/gamelist.xml'
DEBUG: Adding new entry for 'Math Blaster! - Data (Unknown) (Alt)' in '/recalbox/share/roms/readystream/apple2/gamelist.xml'
DEBUG: Adding new entry for 'Math Blaster! - Data (Unknown)' in '/recalbox/share/roms/readystream/apple2/gamelist.xml'
DEBUG: Adding new entry for 'Math Blaster! - Program (Unknown) (Alt)' in '/recalbox/share/roms/readystream/apple2/gamelist.xml'
DEBUG: Adding new entry for 'Math Blaster! - Program (Unknown)' in '/recalbox/share/roms/readystream/apple2/gamelist.xml'
DEBUG: Adding new entry for 'Math Rabbit (Disk 1) (Unknown) (Side A)' in '/recalbox/share/roms/readystream/apple2/gamelist.xml'
DEBUG: Adding new entry for 'Micro Barmate (Disk 1) (Unknown) (Side A)' in '/recalbox/share/roms/readystream/apple2/gamelist.xml'
DEBUG: Adding new entry for 'Micro Cookbook (Disk 1) (Unknown) (Side A)' in '/recalbox/share/roms/readystream/apple2/gamelist.xml'
DEBUG: Adding new entry for 'Micro Cookbook - Basic Recipes (Alt) (Unknown)' in '/recalbox/share/roms/readystream/apple2/gamelist.xml'
DEBUG: Adding new entry for 'Micro Cookbook - Basic Recipes (Unknown) (Alt 2)' in '/recalbox/share/roms/readystream/apple2/gamelist.xml'
DEBUG: Adding new entry for 'Micro Cookbook - Basic Recipes (Unknown)' in '/recalbox/share/roms/readystream/apple2/gamelist.xml'
DEBUG: Adding new entry for 'Micro Cookbook - Software (Unknown) (Alt)' in '/recalbox/share/roms/readystream/apple2/gamelist.xml'
DEBUG: Adding new entry for 'Micro Cookbook - Software (Unknown)' in '/recalbox/share/roms/readystream/apple2/gamelist.xml'
DEBUG: Adding new entry for 'Microzine (Disk 1) (Alt) (Unknown) (Side A)' in '/recalbox/share/roms/readystream/apple2/gamelist.xml'
DEBUG: Adding new entry for 'Microzine (Disk 1) (Alt) (Unknown) (Side B)' in '/recalbox/share/roms/readystream/apple2/gamelist.xml'
DEBUG: Adding new entry for 'Microzine (Disk 1) (Unknown) (Side A)' in '/recalbox/share/roms/readystream/apple2/gamelist.xml'
DEBUG: Adding new entry for 'Microzine (Disk 1) (Unknown) (Side B)' in '/recalbox/share/roms/readystream/apple2/gamelist.xml'
DEBUG: Adding new entry for 'Microzine Issue 17 (Disk 1) (Unknown) (Side A)' in '/recalbox/share/roms/readystream/apple2/gamelist.xml'
DEBUG: Adding new entry for 'Microzine Issue 17 (Disk 1) (Unknown) (Side B)' in '/recalbox/share/roms/readystream/apple2/gamelist.xml'
DEBUG: Adding new entry for 'Microzine Issue 36 (Disk 1) (Unknown) (Side A)' in '/recalbox/share/roms/readystream/apple2/gamelist.xml'
DEBUG: Adding new entry for 'Microzine Issue 36 (Disk 1) (Unknown) (Side B)' in '/recalbox/share/roms/readystream/apple2/gamelist.xml'
DEBUG: Adding new entry for 'Microzine Issue 36 (Disk 2) (Unknown) (Side A)' in '/recalbox/share/roms/readystream/apple2/gamelist.xml'
DEBUG: Adding new entry for 'Microzine Issue 36 (Disk 2) (Unknown) (Side B)' in '/recalbox/share/roms/readystream/apple2/gamelist.xml'
DEBUG: Adding new entry for 'Montezuma's Revenge (Disk 1) (Unknown) (Side B)' in '/recalbox/share/roms/readystream/apple2/gamelist.xml'
DEBUG: Adding new entry for 'Moonmist (Disk 1) (Unknown) (Side A)' in '/recalbox/share/roms/readystream/apple2/gamelist.xml'
DEBUG: Adding new entry for 'Murder Party (Disk 1) (Unknown) (Side A)' in '/recalbox/share/roms/readystream/apple2/gamelist.xml'
DEBUG: Adding new entry for 'Murder Party (Disk 1) (Unknown) (Side B)' in '/recalbox/share/roms/readystream/apple2/gamelist.xml'
DEBUG: Adding new entry for 'Neverending Story, The (Unknown) (Side A)' in '/recalbox/share/roms/readystream/apple2/gamelist.xml'
DEBUG: Adding new entry for 'No-Slot Clock Utilities Diskette (Disk 1) (Unknown) (Side A)' in '/recalbox/share/roms/readystream/apple2/gamelist.xml'
DEBUG: Adding new entry for 'Odyssey (Disk 1) (Unknown) (Side A)' in '/recalbox/share/roms/readystream/apple2/gamelist.xml'
DEBUG: Adding new entry for 'Oil Barons (Disk 1) (Unknown) (Side A)' in '/recalbox/share/roms/readystream/apple2/gamelist.xml'
DEBUG: Adding new entry for 'Oil Barons (Disk 1) (Unknown) (Side B)' in '/recalbox/share/roms/readystream/apple2/gamelist.xml'
DEBUG: Adding new entry for 'One on One (Disk 1) (Unknown) (Side A)' in '/recalbox/share/roms/readystream/apple2/gamelist.xml'
DEBUG: Adding new entry for 'One-on-One (Disk 1) (Alt) (Unknown) (Side A)' in '/recalbox/share/roms/readystream/apple2/gamelist.xml'
DEBUG: Adding new entry for 'One-on-One (Disk 1) (Unknown) (Side A)' in '/recalbox/share/roms/readystream/apple2/gamelist.xml'
DEBUG: Adding new entry for 'Ortho Personalized Plant Selector (Disk 1) (Unknown) (Side A)' in '/recalbox/share/roms/readystream/apple2/gamelist.xml'
DEBUG: Adding new entry for 'Ortho Personalized Plant Selector (Disk 1) (Unknown) (Side B)' in '/recalbox/share/roms/readystream/apple2/gamelist.xml'
DEBUG: Adding new entry for 'Picnic Paranoia (Disk 1) (Unknown) (Side A)' in '/recalbox/share/roms/readystream/apple2/gamelist.xml'
DEBUG: Adding new entry for 'Pinball Construction Set (Disk 1) (Unknown) (Side A)' in '/recalbox/share/roms/readystream/apple2/gamelist.xml'
DEBUG: Adding new entry for 'Pinball Construction Set (Disk 1) (Unknown) (Side B)' in '/recalbox/share/roms/readystream/apple2/gamelist.xml'
DEBUG: Adding new entry for 'Pinpoink ToolKit (Disk 1) (Unknown) (Side A)' in '/recalbox/share/roms/readystream/apple2/gamelist.xml'
DEBUG: Adding new entry for 'Pinpoink ToolKit (Disk 1) (Unknown) (Side B)' in '/recalbox/share/roms/readystream/apple2/gamelist.xml'
DEBUG: Adding new entry for 'Pinpoink ToolKit (Disk 2) (Unknown) (Side A)' in '/recalbox/share/roms/readystream/apple2/gamelist.xml'
DEBUG: Adding new entry for 'Pinpoink ToolKit (Disk 2) (Unknown) (Side B)' in '/recalbox/share/roms/readystream/apple2/gamelist.xml'
DEBUG: Adding new entry for 'Pinpoint (Disk 1) (Unknown) (Side A)' in '/recalbox/share/roms/readystream/apple2/gamelist.xml'
DEBUG: Adding new entry for 'Pinpoint (Disk 1) (Unknown) (Side B)' in '/recalbox/share/roms/readystream/apple2/gamelist.xml'
DEBUG: Adding new entry for 'Pinpoint Document Checker (Disk 1) (Unknown) (Side A)' in '/recalbox/share/roms/readystream/apple2/gamelist.xml'
DEBUG: Adding new entry for 'Pinpoint Document Checker (Disk 1) (Unknown) (Side B)' in '/recalbox/share/roms/readystream/apple2/gamelist.xml'
DEBUG: Adding new entry for 'Pinpoint Graphic Edge (Disk 1) (Unknown) (Side A)' in '/recalbox/share/roms/readystream/apple2/gamelist.xml'
DEBUG: Adding new entry for 'Pinpoint Graphic Edge (Disk 1) (Unknown) (Side B)' in '/recalbox/share/roms/readystream/apple2/gamelist.xml'
DEBUG: Adding new entry for 'Pinpoint Graphic Edge (Disk 2) (Unknown) (Side A)' in '/recalbox/share/roms/readystream/apple2/gamelist.xml'
DEBUG: Adding new entry for 'Pinpoint Graphic Edge (Disk 2) (Unknown) (Side B)' in '/recalbox/share/roms/readystream/apple2/gamelist.xml'
DEBUG: Adding new entry for 'Pinpoint Spelling Checker (Disk 1) (Unknown) (Side A)' in '/recalbox/share/roms/readystream/apple2/gamelist.xml'
DEBUG: Adding new entry for 'Pinpoint Spelling Checker (Disk 1) (Unknown) (Side B)' in '/recalbox/share/roms/readystream/apple2/gamelist.xml'
DEBUG: Adding new entry for 'Pioneer CD-ROM LD-ROM Device Driver (Disk 1) (Alt) (Unknown)' in '/recalbox/share/roms/readystream/apple2/gamelist.xml'
DEBUG: Adding new entry for 'Pioneer CD-ROM LD-ROM Device Driver (Disk 1) (Unknown)' in '/recalbox/share/roms/readystream/apple2/gamelist.xml'
DEBUG: Adding new entry for 'Pirates! (Disk 1) (Unknown) (Side A)' in '/recalbox/share/roms/readystream/apple2/gamelist.xml'
DEBUG: Adding new entry for 'Pirates! (Disk 1) (Unknown) (Side B)' in '/recalbox/share/roms/readystream/apple2/gamelist.xml'
DEBUG: Adding new entry for 'Planetfall - IS3-AP1-FD1 (Unknown)' in '/recalbox/share/roms/readystream/apple2/gamelist.xml'
DEBUG: Adding new entry for 'Police Quest (Disk 1) (Unknown) (Side A)' in '/recalbox/share/roms/readystream/apple2/gamelist.xml'
DEBUG: Adding new entry for 'Police Quest (Disk 1) (Unknown) (Side B)' in '/recalbox/share/roms/readystream/apple2/gamelist.xml'
DEBUG: Adding new entry for 'Police Quest (Disk 2) (Unknown) (Side A)' in '/recalbox/share/roms/readystream/apple2/gamelist.xml'
DEBUG: Adding new entry for 'Police Quest (Disk 2) (Unknown) (Side B)' in '/recalbox/share/roms/readystream/apple2/gamelist.xml'
DEBUG: Adding new entry for 'Police Quest (Disk 3) (Unknown) (Side A)' in '/recalbox/share/roms/readystream/apple2/gamelist.xml'
DEBUG: Adding new entry for 'Police Quest (Disk 3) (Unknown) (Side B)' in '/recalbox/share/roms/readystream/apple2/gamelist.xml'
DEBUG: Adding new entry for 'Police Quest (Disk 4) (Unknown) (Side A)' in '/recalbox/share/roms/readystream/apple2/gamelist.xml'
DEBUG: Adding new entry for 'Police Quest (Disk 4) (Unknown) (Side B)' in '/recalbox/share/roms/readystream/apple2/gamelist.xml'
DEBUG: Adding new entry for 'Power Up! Sign Designer (Disk 1) (Unknown) (Side A)' in '/recalbox/share/roms/readystream/apple2/gamelist.xml'
DEBUG: Adding new entry for 'Power Up! The Typewriter (Disk 1) (Unknown) (Side A)' in '/recalbox/share/roms/readystream/apple2/gamelist.xml'
DEBUG: Adding new entry for 'ProTerm (Disk 1) (Unknown)' in '/recalbox/share/roms/readystream/apple2/gamelist.xml'
DEBUG: Adding new entry for 'ProTerm - Disk 1 (Alt) (Unknown)' in '/recalbox/share/roms/readystream/apple2/gamelist.xml'
DEBUG: Adding new entry for 'ProTerm Mac (Disk 1) (Unknown)' in '/recalbox/share/roms/readystream/apple2/gamelist.xml'
DEBUG: Adding new entry for 'Publish It! 2 - Artwork (Unknown)' in '/recalbox/share/roms/readystream/apple2/gamelist.xml'
DEBUG: Adding new entry for 'Publish It! 2 - Program (Unknown)' in '/recalbox/share/roms/readystream/apple2/gamelist.xml'
DEBUG: Adding new entry for 'Publish It! 3 - Artwork (Unknown)' in '/recalbox/share/roms/readystream/apple2/gamelist.xml'
DEBUG: Adding new entry for 'Publish It! 3 - Program and Help (Unknown)' in '/recalbox/share/roms/readystream/apple2/gamelist.xml'
DEBUG: Adding new entry for 'Publish It! Design Ideas (Disk 1) (Unknown) (Side A)' in '/recalbox/share/roms/readystream/apple2/gamelist.xml'
DEBUG: Adding new entry for 'Publish It! Design Ideas (Disk 1) (Unknown) (Side B)' in '/recalbox/share/roms/readystream/apple2/gamelist.xml'
DEBUG: Adding new entry for 'Publish It! Design Ideas (Disk 1) (Unknown)' in '/recalbox/share/roms/readystream/apple2/gamelist.xml'
DEBUG: Adding new entry for 'Publish It! Design Ideas (Disk 2) (Unknown) (Side A)' in '/recalbox/share/roms/readystream/apple2/gamelist.xml'
DEBUG: Adding new entry for 'Publish It! Design Ideas (Disk 2) (Unknown) (Side B)' in '/recalbox/share/roms/readystream/apple2/gamelist.xml'
DEBUG: Adding new entry for 'Publish It! Education Graphics (Disk 1) (Unknown) (Side A)' in '/recalbox/share/roms/readystream/apple2/gamelist.xml'
DEBUG: Adding new entry for 'Publish It! Education Graphics (Disk 1) (Unknown) (Side B)' in '/recalbox/share/roms/readystream/apple2/gamelist.xml'
DEBUG: Adding new entry for 'Publish It! Education Graphics (Disk 1) (Unknown)' in '/recalbox/share/roms/readystream/apple2/gamelist.xml'
DEBUG: Adding new entry for 'Publish It! Education Graphics (Disk 2) (Unknown) (Side A)' in '/recalbox/share/roms/readystream/apple2/gamelist.xml'
DEBUG: Adding new entry for 'Publish It! Education Graphics (Disk 2) (Unknown) (Side B)' in '/recalbox/share/roms/readystream/apple2/gamelist.xml'
DEBUG: Adding new entry for 'Publish It! Education Graphics (Disk 3) (Unknown) (Side A)' in '/recalbox/share/roms/readystream/apple2/gamelist.xml'
DEBUG: Adding new entry for 'Publish It! Education Graphics (Disk 3) (Unknown) (Side B)' in '/recalbox/share/roms/readystream/apple2/gamelist.xml'
DEBUG: Adding new entry for 'Publish It! Font Pack 1 (Disk 1) (Unknown) (Side A)' in '/recalbox/share/roms/readystream/apple2/gamelist.xml'
DEBUG: Adding new entry for 'Publish It! Font Pack 1 (Disk 1) (Unknown) (Side B)' in '/recalbox/share/roms/readystream/apple2/gamelist.xml'
DEBUG: Adding new entry for 'Publish It! Font Pack 1 (Disk 1) (Unknown)' in '/recalbox/share/roms/readystream/apple2/gamelist.xml'
DEBUG: Adding new entry for 'Publish It! Font Pack 2 (Disk 1) (Unknown) (Side A)' in '/recalbox/share/roms/readystream/apple2/gamelist.xml'
DEBUG: Adding new entry for 'Publish It! Font Pack 2 (Disk 1) (Unknown) (Side B)' in '/recalbox/share/roms/readystream/apple2/gamelist.xml'
DEBUG: Adding new entry for 'Publish It! Font Pack 2 (Disk 1) (Unknown)' in '/recalbox/share/roms/readystream/apple2/gamelist.xml'
DEBUG: Adding new entry for 'Publish It! Font Pack 2 (Disk 2) (Unknown) (Side A)' in '/recalbox/share/roms/readystream/apple2/gamelist.xml'
DEBUG: Adding new entry for 'Publish It! Laser Accessory Pack (Disk 1) (Unknown) (Side A)' in '/recalbox/share/roms/readystream/apple2/gamelist.xml'
DEBUG: Adding new entry for 'Publish It! Laser Accessory Pack (Disk 1) (Unknown)' in '/recalbox/share/roms/readystream/apple2/gamelist.xml'
DEBUG: Adding new entry for 'Publish It! People Places and Things (Disk 1) (Unknown) (Side A)' in '/recalbox/share/roms/readystream/apple2/gamelist.xml'
DEBUG: Adding new entry for 'Publish It! People Places and Things (Disk 1) (Unknown) (Side B)' in '/recalbox/share/roms/readystream/apple2/gamelist.xml'
DEBUG: Adding new entry for 'Publish It! People Places and Things (Disk 1) (Unknown)' in '/recalbox/share/roms/readystream/apple2/gamelist.xml'
DEBUG: Adding new entry for 'Publish It! People Places and Things (Disk 2) (Unknown) (Side A)' in '/recalbox/share/roms/readystream/apple2/gamelist.xml'
DEBUG: Adding new entry for 'Publish It! People Places and Things (Disk 2) (Unknown) (Side B)' in '/recalbox/share/roms/readystream/apple2/gamelist.xml'
DEBUG: Adding new entry for 'Publish It! People Places and Things (Disk 3) (Unknown) (Side A)' in '/recalbox/share/roms/readystream/apple2/gamelist.xml'
DEBUG: Adding new entry for 'Publish It! People Places and Things (Disk 3) (Unknown) (Side B)' in '/recalbox/share/roms/readystream/apple2/gamelist.xml'
DEBUG: Adding new entry for 'Publish It! Symbols and Slogans (Disk 1) (Unknown) (Side A)' in '/recalbox/share/roms/readystream/apple2/gamelist.xml'
DEBUG: Adding new entry for 'Publish It! Symbols and Slogans (Disk 1) (Unknown) (Side B)' in '/recalbox/share/roms/readystream/apple2/gamelist.xml'
DEBUG: Adding new entry for 'Publish It! Symbols and Slogans (Disk 1) (Unknown)' in '/recalbox/share/roms/readystream/apple2/gamelist.xml'
DEBUG: Adding new entry for 'Publish It! Symbols and Slogans (Disk 2) (Unknown) (Side A)' in '/recalbox/share/roms/readystream/apple2/gamelist.xml'
DEBUG: Adding new entry for 'Publish It! Symbols and Slogans (Disk 2) (Unknown) (Side B)' in '/recalbox/share/roms/readystream/apple2/gamelist.xml'
DEBUG: Adding new entry for 'Publish It! Symbols and Slogans (Disk 3) (Unknown) (Side A)' in '/recalbox/share/roms/readystream/apple2/gamelist.xml'
DEBUG: Adding new entry for 'Publish It! Symbols and Slogans (Disk 3) (Unknown) (Side B)' in '/recalbox/share/roms/readystream/apple2/gamelist.xml'
DEBUG: Adding new entry for 'Publish-It! 3 - Artwork Side 1 (Unknown)' in '/recalbox/share/roms/readystream/apple2/gamelist.xml'
DEBUG: Adding new entry for 'Publish-It! 3 - Artwork Side 2 (Unknown)' in '/recalbox/share/roms/readystream/apple2/gamelist.xml'
DEBUG: Adding new entry for 'Publish-It! 3 - Artwork Side 3 (Unknown)' in '/recalbox/share/roms/readystream/apple2/gamelist.xml'
DEBUG: Adding new entry for 'Publish-It! 3 - Artwork Side 4 (Unknown)' in '/recalbox/share/roms/readystream/apple2/gamelist.xml'
DEBUG: Adding new entry for 'Publish-It! 3 - Fonts (Side 1) (Alt) (Unknown)' in '/recalbox/share/roms/readystream/apple2/gamelist.xml'
DEBUG: Adding new entry for 'Publish-It! 3 - Fonts (Side 1) (Unknown)' in '/recalbox/share/roms/readystream/apple2/gamelist.xml'
DEBUG: Adding new entry for 'Publish-It! 3 - Fonts Side 2 (Alt) (Unknown)' in '/recalbox/share/roms/readystream/apple2/gamelist.xml'
DEBUG: Adding new entry for 'Publish-It! 3 - Fonts Side 2 (Unknown)' in '/recalbox/share/roms/readystream/apple2/gamelist.xml'
DEBUG: Adding new entry for 'Publish-It! 3 - Program and Help (Alt) (Unknown)' in '/recalbox/share/roms/readystream/apple2/gamelist.xml'
DEBUG: Adding new entry for 'Publish-It! 3 - Program and Help (Unknown)' in '/recalbox/share/roms/readystream/apple2/gamelist.xml'
DEBUG: Adding new entry for 'Publish-It! 3 - Startup Sample and Laser Printing (Alt) (Unknown)' in '/recalbox/share/roms/readystream/apple2/gamelist.xml'
DEBUG: Adding new entry for 'Publish-It! 3 - Startup Sample and Laser Printing (Unknown)' in '/recalbox/share/roms/readystream/apple2/gamelist.xml'
DEBUG: Adding new entry for 'Publish-It! 4 - Artwork Side 1 (Unknown)' in '/recalbox/share/roms/readystream/apple2/gamelist.xml'
DEBUG: Adding new entry for 'Publish-It! 4 - Artwork Side 2 (Unknown)' in '/recalbox/share/roms/readystream/apple2/gamelist.xml'
DEBUG: Adding new entry for 'Publish-It! 4 - Artwork Side 3 (Unknown)' in '/recalbox/share/roms/readystream/apple2/gamelist.xml'
DEBUG: Adding new entry for 'Publish-It! 4 - Artwork Side 4 (Unknown)' in '/recalbox/share/roms/readystream/apple2/gamelist.xml'
DEBUG: Adding new entry for 'Publish-It! 4 - Chooser (Unknown)' in '/recalbox/share/roms/readystream/apple2/gamelist.xml'
DEBUG: Adding new entry for 'Publish-It! 4 - Chooser and Artwork (Unknown)' in '/recalbox/share/roms/readystream/apple2/gamelist.xml'
DEBUG: Adding new entry for 'Publish-It! 4 - Fonts Side 1 (Unknown)' in '/recalbox/share/roms/readystream/apple2/gamelist.xml'
DEBUG: Adding new entry for 'Publish-It! 4 - Program (Unknown)' in '/recalbox/share/roms/readystream/apple2/gamelist.xml'
DEBUG: Adding new entry for 'Publish-It! 4 - Program and Help (Unknown)' in '/recalbox/share/roms/readystream/apple2/gamelist.xml'
DEBUG: Adding new entry for 'Publish-It! 4 - Sample Data (Unknown)' in '/recalbox/share/roms/readystream/apple2/gamelist.xml'
DEBUG: Adding new entry for 'Publish-It! 4 - Startup Help and Laser Printing Files (Unknown)' in '/recalbox/share/roms/readystream/apple2/gamelist.xml'
DEBUG: Adding new entry for 'Quickie (Disk 1) (Unknown)' in '/recalbox/share/roms/readystream/apple2/gamelist.xml'
DEBUG: Adding new entry for 'Quickie Hand Scanner (Disk 1) (Unknown) (Side A)' in '/recalbox/share/roms/readystream/apple2/gamelist.xml'
DEBUG: Adding new entry for 'RamFactor Expand (Disk 1) (Unknown) (Side A)' in '/recalbox/share/roms/readystream/apple2/gamelist.xml'
DEBUG: Adding new entry for 'RamUp (Disk 1) (Unknown) (Side A)' in '/recalbox/share/roms/readystream/apple2/gamelist.xml'
DEBUG: Adding new entry for 'RamUp (Disk 1) (Unknown) (Side B)' in '/recalbox/share/roms/readystream/apple2/gamelist.xml'
DEBUG: Adding new entry for 'Real Life (Disk 1) (Unknown) (Side A)' in '/recalbox/share/roms/readystream/apple2/gamelist.xml'
DEBUG: Adding new entry for 'RightWriter (Disk 1) (Alt) (Unknown)' in '/recalbox/share/roms/readystream/apple2/gamelist.xml'
DEBUG: Adding new entry for 'RightWriter (Disk 1) (Unknown)' in '/recalbox/share/roms/readystream/apple2/gamelist.xml'
DEBUG: Adding new entry for 'RightWriter - Disk 1 (Alt 2) (Unknown)' in '/recalbox/share/roms/readystream/apple2/gamelist.xml'
DEBUG: Adding new entry for 'Rings of Saturn (Disk 1) (Unknown) (Side A)' in '/recalbox/share/roms/readystream/apple2/gamelist.xml'
DEBUG: Adding new entry for 'Rommel (Disk 1) (Unknown) (Side A)' in '/recalbox/share/roms/readystream/apple2/gamelist.xml'
DEBUG: Adding new entry for 'Rommel (Disk 1) (Unknown) (Side B)' in '/recalbox/share/roms/readystream/apple2/gamelist.xml'
DEBUG: Adding new entry for 'SAT Math 1 (Disk 1) (Unknown) (Side A)' in '/recalbox/share/roms/readystream/apple2/gamelist.xml'
DEBUG: Adding new entry for 'SAT Math 1 (Disk 1) (Unknown) (Side B)' in '/recalbox/share/roms/readystream/apple2/gamelist.xml'
DEBUG: Adding new entry for 'Sargon II (Disk 1) (Unknown) (Side A)' in '/recalbox/share/roms/readystream/apple2/gamelist.xml'
DEBUG: Adding new entry for 'Sesame Street Learning LIbrary Vol. 1 (Disk 1) (Unknown) (Side B)' in '/recalbox/share/roms/readystream/apple2/gamelist.xml'
DEBUG: Adding new entry for 'Sideways (Disk 1) (Unknown) (Side A)' in '/recalbox/share/roms/readystream/apple2/gamelist.xml'
DEBUG: Adding new entry for 'Sideways (Disk 1) (Unknown) (Side B)' in '/recalbox/share/roms/readystream/apple2/gamelist.xml'
DEBUG: Adding new entry for 'Silent Service (Disk 1) (Unknown) (Side A)' in '/recalbox/share/roms/readystream/apple2/gamelist.xml'
DEBUG: Adding new entry for 'Skyfox (Disk 1) (Unknown) (Side A)' in '/recalbox/share/roms/readystream/apple2/gamelist.xml'
DEBUG: Adding new entry for 'Spingboard Clip Art Collection - Clip Art A (Unknown)' in '/recalbox/share/roms/readystream/apple2/gamelist.xml'
DEBUG: Adding new entry for 'Spingboard Clip Art Collection - Clip Art B (Unknown)' in '/recalbox/share/roms/readystream/apple2/gamelist.xml'
DEBUG: Adding new entry for 'Springboard Clip Art Collection (Disk 1) (Unknown) (Side A)' in '/recalbox/share/roms/readystream/apple2/gamelist.xml'
DEBUG: Adding new entry for 'Springboard Clip Art Collection (Disk 1) (Unknown) (Side B)' in '/recalbox/share/roms/readystream/apple2/gamelist.xml'
DEBUG: Adding new entry for 'Springboard Graphics Expander (Copy 2) (Disk 1) (Unknown) (Side A)' in '/recalbox/share/roms/readystream/apple2/gamelist.xml'
DEBUG: Adding new entry for 'Star Dance (USA)' in '/recalbox/share/roms/readystream/apple2/gamelist.xml'
DEBUG: Adding new entry for 'Sticky Bear Reading (Disk 1) (Unknown) (Side A)' in '/recalbox/share/roms/readystream/apple2/gamelist.xml'
DEBUG: Adding new entry for 'Story Maker - 128K Picture Gallery Disk (Unknown)' in '/recalbox/share/roms/readystream/apple2/gamelist.xml'
DEBUG: Adding new entry for 'Story Maker - 128K Program Disk (Unknown)' in '/recalbox/share/roms/readystream/apple2/gamelist.xml'
DEBUG: Adding new entry for 'Story Maker - 64K Picture Gallery Disk (Unknown)' in '/recalbox/share/roms/readystream/apple2/gamelist.xml'
DEBUG: Adding new entry for 'Story Maker - 64K Program Disk (Unknown)' in '/recalbox/share/roms/readystream/apple2/gamelist.xml'
DEBUG: Adding new entry for 'Summer Games II (Disk 1) (Unknown) (Side A)' in '/recalbox/share/roms/readystream/apple2/gamelist.xml'
DEBUG: Adding new entry for 'Summer Games II (Disk 1) (Unknown) (Side B)' in '/recalbox/share/roms/readystream/apple2/gamelist.xml'
DEBUG: Adding new entry for 'Super Huey (Disk 1) (Unknown) (Side A)' in '/recalbox/share/roms/readystream/apple2/gamelist.xml'
DEBUG: Adding new entry for 'Super IOB Collection #2 (Disk 1) (Unknown) (Side A)' in '/recalbox/share/roms/readystream/apple2/gamelist.xml'
DEBUG: Adding new entry for 'Super Mario Bros. Print World (Disk 1) (Unknown) (Side A)' in '/recalbox/share/roms/readystream/apple2/gamelist.xml'
DEBUG: Adding new entry for 'Super Mario Bros. Print World (Disk 1) (Unknown) (Side B)' in '/recalbox/share/roms/readystream/apple2/gamelist.xml'
DEBUG: Adding new entry for 'Super-Text II (Disk 1) (Unknown) (Side A)' in '/recalbox/share/roms/readystream/apple2/gamelist.xml'
DEBUG: Adding new entry for 'SuperCalc3a v1.1 Program (Disk 1) (Unknown) (Side A)' in '/recalbox/share/roms/readystream/apple2/gamelist.xml'
DEBUG: Adding new entry for 'SuperPatch 8.0 (Disk 1) (Unknown) (Side A)' in '/recalbox/share/roms/readystream/apple2/gamelist.xml'
DEBUG: Adding new entry for 'SuperPatch 8.0 (Disk 1) (Unknown) (Side B)' in '/recalbox/share/roms/readystream/apple2/gamelist.xml'
DEBUG: Adding new entry for 'SuperPatch 8.0 (Disk 2) (Unknown) (Side A)' in '/recalbox/share/roms/readystream/apple2/gamelist.xml'
DEBUG: Adding new entry for 'Suspect (Disk 1) (Unknown) (Side A)' in '/recalbox/share/roms/readystream/apple2/gamelist.xml'
DEBUG: Adding new entry for 'System Master DOS 3.2.1 Plus (Disk 1) (Unknown) (Side A)' in '/recalbox/share/roms/readystream/apple2/gamelist.xml'
DEBUG: Adding new entry for 'System Master DOS 3.2.1 Standard (Disk 1) (Unknown) (Side A)' in '/recalbox/share/roms/readystream/apple2/gamelist.xml'
DEBUG: Adding new entry for 'Tank Attack-Death Run (Disk 1) (Unknown) (Side A)' in '/recalbox/share/roms/readystream/apple2/gamelist.xml'
DEBUG: Adding new entry for 'Tapper (Disk 1) (Unknown) (Side A)' in '/recalbox/share/roms/readystream/apple2/gamelist.xml'
DEBUG: Adding new entry for 'Teacher's Tool Kit, The - Menu Selection-Startup Disk (Unknown)' in '/recalbox/share/roms/readystream/apple2/gamelist.xml'
DEBUG: Adding new entry for 'Teacher's Tool Kit, The - Program Disk Multiple Choice (Unknown)' in '/recalbox/share/roms/readystream/apple2/gamelist.xml'
DEBUG: Adding new entry for 'Teacher's Tool Kit, The - Program Disk Word Scramble (Unknown)' in '/recalbox/share/roms/readystream/apple2/gamelist.xml'
DEBUG: Adding new entry for 'Teacher's Tool Kit, The - Program Disk Word Search (Unknown)' in '/recalbox/share/roms/readystream/apple2/gamelist.xml'
DEBUG: Adding new entry for 'Terrapin Logo Language - Language Disk (Unknown)' in '/recalbox/share/roms/readystream/apple2/gamelist.xml'
DEBUG: Adding new entry for 'The American Heritage Electronic Dictionary (Disk 1) (Unknown)' in '/recalbox/share/roms/readystream/apple2/gamelist.xml'
DEBUG: Adding new entry for 'The American Heritage Electronic Dictionary (Disk 2) (Unknown)' in '/recalbox/share/roms/readystream/apple2/gamelist.xml'
DEBUG: Adding new entry for 'The American Heritage Electronic Dictionary (Disk 3) (Unknown)' in '/recalbox/share/roms/readystream/apple2/gamelist.xml'
DEBUG: Adding new entry for 'The American Heritage Electronic Dictionary (Disk 4) (Unknown)' in '/recalbox/share/roms/readystream/apple2/gamelist.xml'
DEBUG: Adding new entry for 'The Dark Heart of Uukrul - Archive (Unknown)' in '/recalbox/share/roms/readystream/apple2/gamelist.xml'
DEBUG: Adding new entry for 'The Dark Heart of Uukrul - Boot (Unknown)' in '/recalbox/share/roms/readystream/apple2/gamelist.xml'
DEBUG: Adding new entry for 'The Dark Heart of Uukrul - Scenario A (Unknown)' in '/recalbox/share/roms/readystream/apple2/gamelist.xml'
DEBUG: Adding new entry for 'The Dark Heart of Uukrul - Scenario B (Unknown)' in '/recalbox/share/roms/readystream/apple2/gamelist.xml'
DEBUG: Adding new entry for 'The Lurking Horror (Disk 1) (Unknown) (Side A)' in '/recalbox/share/roms/readystream/apple2/gamelist.xml'
DEBUG: Adding new entry for 'The NeverEnding Story (Unknown)' in '/recalbox/share/roms/readystream/apple2/gamelist.xml'
DEBUG: Adding new entry for 'The New Print Shop - Data Disk 1a (Unknown)' in '/recalbox/share/roms/readystream/apple2/gamelist.xml'
DEBUG: Adding new entry for 'The New Print Shop - Data Disk 1b (Unknown)' in '/recalbox/share/roms/readystream/apple2/gamelist.xml'
DEBUG: Adding new entry for 'The New Print Shop - Data Disk 2a (Unknown)' in '/recalbox/share/roms/readystream/apple2/gamelist.xml'
DEBUG: Adding new entry for 'The New Print Shop - Data Disk 2b (Unknown)' in '/recalbox/share/roms/readystream/apple2/gamelist.xml'
DEBUG: Adding new entry for 'The New Print Shop - Program Side A (Unknown)' in '/recalbox/share/roms/readystream/apple2/gamelist.xml'
DEBUG: Adding new entry for 'The New Print Shop - Program Side b (Unknown)' in '/recalbox/share/roms/readystream/apple2/gamelist.xml'
DEBUG: Adding new entry for 'The Newsroom (Disk 1) (Unknown) (Side A)' in '/recalbox/share/roms/readystream/apple2/gamelist.xml'
DEBUG: Adding new entry for 'The Newsroom - Clip Art A (Unknown)' in '/recalbox/share/roms/readystream/apple2/gamelist.xml'
DEBUG: Adding new entry for 'The Newsroom - Clip Art B (Unknown)' in '/recalbox/share/roms/readystream/apple2/gamelist.xml'
DEBUG: Adding new entry for 'The Newsroom - Disk 1 Master Program (Unknown)' in '/recalbox/share/roms/readystream/apple2/gamelist.xml'
DEBUG: Adding new entry for 'The Newsroom - Disk 2 Clip Art A (Unknown)' in '/recalbox/share/roms/readystream/apple2/gamelist.xml'
DEBUG: Adding new entry for 'The Newsroom - Disk 2 Clip Art B (Unknown)' in '/recalbox/share/roms/readystream/apple2/gamelist.xml'
DEBUG: Adding new entry for 'The Oregon Trail (Disk 1) (Unknown) (Side A)' in '/recalbox/share/roms/readystream/apple2/gamelist.xml'
DEBUG: Adding new entry for 'The Oregon Trail (Disk 1) (Unknown) (Side B)' in '/recalbox/share/roms/readystream/apple2/gamelist.xml'
DEBUG: Adding new entry for 'The Original Boston Computer Diet (Disk 1) (Unknown) (Side A)' in '/recalbox/share/roms/readystream/apple2/gamelist.xml'
DEBUG: Adding new entry for 'The Original Boston Computer Diet (Disk 1) (Unknown) (Side B)' in '/recalbox/share/roms/readystream/apple2/gamelist.xml'
DEBUG: Adding new entry for 'The Original Boston Computer Diet (Disk 2) (Unknown) (Side A)' in '/recalbox/share/roms/readystream/apple2/gamelist.xml'
DEBUG: Adding new entry for 'The Original Boston Computer Diet (Disk 2) (Unknown) (Side B)' in '/recalbox/share/roms/readystream/apple2/gamelist.xml'
DEBUG: Adding new entry for 'The Print Shop - 1 (Unknown)' in '/recalbox/share/roms/readystream/apple2/gamelist.xml'
DEBUG: Adding new entry for 'The Print Shop - 2 (Unknown)' in '/recalbox/share/roms/readystream/apple2/gamelist.xml'
DEBUG: Adding new entry for 'Tracer Sanction (Disk 1) (Unknown) (Side A)' in '/recalbox/share/roms/readystream/apple2/gamelist.xml'
DEBUG: Adding new entry for 'TrainBASE and TrainMOVE (Disk 1) (Unknown) (Side A)' in '/recalbox/share/roms/readystream/apple2/gamelist.xml'
DEBUG: Adding new entry for 'TrainBASE and TrainMOVE (Disk 1) (Unknown) (Side B)' in '/recalbox/share/roms/readystream/apple2/gamelist.xml'
DEBUG: Adding new entry for 'TransWarp II - SMT Patch (Disk 1) (Unknown) (Side A)' in '/recalbox/share/roms/readystream/apple2/gamelist.xml'
DEBUG: Adding new entry for 'Trial-Size Toolbo (Disk 1) (Unknown) (Side A)' in '/recalbox/share/roms/readystream/apple2/gamelist.xml'
DEBUG: Adding new entry for 'Trial-Size Toolbo (Disk 1) (Unknown) (Side B)' in '/recalbox/share/roms/readystream/apple2/gamelist.xml'
DEBUG: Adding new entry for 'Ultima IV - Britannia (Unknown)' in '/recalbox/share/roms/readystream/apple2/gamelist.xml'
DEBUG: Adding new entry for 'Ultima IV - Program (Unknown)' in '/recalbox/share/roms/readystream/apple2/gamelist.xml'
DEBUG: Adding new entry for 'Ultima IV - Towne (Unknown)' in '/recalbox/share/roms/readystream/apple2/gamelist.xml'
DEBUG: Adding new entry for 'Ultima IV - Underworld (Unknown)' in '/recalbox/share/roms/readystream/apple2/gamelist.xml'
DEBUG: Adding new entry for 'Ultima V - Britannia (Unknown)' in '/recalbox/share/roms/readystream/apple2/gamelist.xml'
DEBUG: Adding new entry for 'Ultima V - Castle (Unknown)' in '/recalbox/share/roms/readystream/apple2/gamelist.xml'
DEBUG: Adding new entry for 'Ultima V - Dungeon (Unknown)' in '/recalbox/share/roms/readystream/apple2/gamelist.xml'
DEBUG: Adding new entry for 'Ultima V - Dwelling (Unknown)' in '/recalbox/share/roms/readystream/apple2/gamelist.xml'
DEBUG: Adding new entry for 'Ultima V - Keep (Unknown)' in '/recalbox/share/roms/readystream/apple2/gamelist.xml'
DEBUG: Adding new entry for 'Ultima V - Program (Unknown)' in '/recalbox/share/roms/readystream/apple2/gamelist.xml'
DEBUG: Adding new entry for 'Ultima V - Towne (Unknown)' in '/recalbox/share/roms/readystream/apple2/gamelist.xml'
DEBUG: Adding new entry for 'Ultima V - Underworld (Unknown)' in '/recalbox/share/roms/readystream/apple2/gamelist.xml'
DEBUG: Adding new entry for 'Up'N'Down (Disk 1) (Unknown) (Side A)' in '/recalbox/share/roms/readystream/apple2/gamelist.xml'
DEBUG: Adding new entry for 'Visicalc (Disk 1) (Alt) (Unknown) (Side A)' in '/recalbox/share/roms/readystream/apple2/gamelist.xml'
DEBUG: Adding new entry for 'Visicalc (Disk 1) (Unknown) (Side A)' in '/recalbox/share/roms/readystream/apple2/gamelist.xml'
DEBUG: Adding new entry for 'Visidex (Disk 1) (Alt) (Unknown) (Side A)' in '/recalbox/share/roms/readystream/apple2/gamelist.xml'
DEBUG: Adding new entry for 'Visidex (Disk 1) (Unknown) (Side A)' in '/recalbox/share/roms/readystream/apple2/gamelist.xml'
DEBUG: Adding new entry for 'Webster The Word Game (Disk 1) (Unknown) (Side A)' in '/recalbox/share/roms/readystream/apple2/gamelist.xml'
DEBUG: Adding new entry for 'Where In The World Is Carmen Sandiego (Disk 1) (Unknown) (Side A)' in '/recalbox/share/roms/readystream/apple2/gamelist.xml'
DEBUG: Adding new entry for 'Where In The World Is Carmen Sandiego (Disk 1) (Unknown) (Side B)' in '/recalbox/share/roms/readystream/apple2/gamelist.xml'
DEBUG: Adding new entry for 'Will O The Wisp (Disk 1) (Unknown) (Side A)' in '/recalbox/share/roms/readystream/apple2/gamelist.xml'
DEBUG: Adding new entry for 'Winter Games (Disk 1) (Unknown) (Side A)' in '/recalbox/share/roms/readystream/apple2/gamelist.xml'
DEBUG: Adding new entry for 'Winter Games (Disk 1) (Unknown) (Side B)' in '/recalbox/share/roms/readystream/apple2/gamelist.xml'
DEBUG: Adding new entry for 'Wizardry 2 (Disk 1) (Unknown) (Side A)' in '/recalbox/share/roms/readystream/apple2/gamelist.xml'
DEBUG: Adding new entry for 'Wizardry 2 (Disk 1) (Unknown) (Side B)' in '/recalbox/share/roms/readystream/apple2/gamelist.xml'
DEBUG: Adding new entry for 'Zaxxon (Disk 1) (Unknown) (Side A)' in '/recalbox/share/roms/readystream/apple2/gamelist.xml'
DEBUG: Adding new entry for 'Zork I (Disk 1) (Unknown) (Side A)' in '/recalbox/share/roms/readystream/apple2/gamelist.xml'
INFO: Gamelist.xml MD5 checksum created: '/recalbox/share/roms/readystream/apple2/gamelist.xml.md5'
