INFO: Creating gamelist.xml in '/recalbox/share/roms/readystream/apple2gs/gamelist.xml'
DEBUG: Adding new entry for '2088 - The Cryllan Mission - The Second Scenario (USA) (Disk 1)' in '/recalbox/share/roms/readystream/apple2gs/gamelist.xml'
DEBUG: Adding new entry for '2088 - The Cryllan Mission - The Second Scenario (USA) (Disk 2)' in '/recalbox/share/roms/readystream/apple2gs/gamelist.xml'
DEBUG: Adding new entry for '2088 - The Cryllan Mission - The Second Scenario (USA) (Disk 3)' in '/recalbox/share/roms/readystream/apple2gs/gamelist.xml'
DEBUG: Adding new entry for '816-Paint (USA)' in '/recalbox/share/roms/readystream/apple2gs/gamelist.xml'
DEBUG: Adding new entry for 'Aesop's Fables (Alt) (Unknown) (Disk 1)' in '/recalbox/share/roms/readystream/apple2gs/gamelist.xml'
DEBUG: Adding new entry for 'Aesop's Fables (Alt) (Unknown) (Disk 2)' in '/recalbox/share/roms/readystream/apple2gs/gamelist.xml'
DEBUG: Adding new entry for 'Aesop's Fables (USA) (Disk 1)' in '/recalbox/share/roms/readystream/apple2gs/gamelist.xml'
DEBUG: Adding new entry for 'Aesop's Fables (USA) (Disk 2)' in '/recalbox/share/roms/readystream/apple2gs/gamelist.xml'
DEBUG: Adding new entry for 'Alien Mind (USA) (Disk 1)' in '/recalbox/share/roms/readystream/apple2gs/gamelist.xml'
DEBUG: Adding new entry for 'Alien Mind (USA) (Disk 2)' in '/recalbox/share/roms/readystream/apple2gs/gamelist.xml'
DEBUG: Adding new entry for 'Arkanoid (USA)' in '/recalbox/share/roms/readystream/apple2gs/gamelist.xml'
DEBUG: Adding new entry for 'Arkanoid II - Revenge of Doh (USA)' in '/recalbox/share/roms/readystream/apple2gs/gamelist.xml'
DEBUG: Adding new entry for 'Art & Film Director (USA) (Disk 1)' in '/recalbox/share/roms/readystream/apple2gs/gamelist.xml'
DEBUG: Adding new entry for 'Art & Film Director (USA) (Disk 2)' in '/recalbox/share/roms/readystream/apple2gs/gamelist.xml'
DEBUG: Adding new entry for 'Art & Film Director (USA) (Disk 3)' in '/recalbox/share/roms/readystream/apple2gs/gamelist.xml'
DEBUG: Adding new entry for 'Audubon Grizzly Bears - Wildlife Adventures (USA) (Disk 1)' in '/recalbox/share/roms/readystream/apple2gs/gamelist.xml'
DEBUG: Adding new entry for 'Audubon Grizzly Bears - Wildlife Adventures (USA) (Disk 2)' in '/recalbox/share/roms/readystream/apple2gs/gamelist.xml'
DEBUG: Adding new entry for 'Audubon Whales - Wildlife Adventure (USA) (Disk 1)' in '/recalbox/share/roms/readystream/apple2gs/gamelist.xml'
DEBUG: Adding new entry for 'Audubon Whales - Wildlife Adventure (USA) (Disk 2)' in '/recalbox/share/roms/readystream/apple2gs/gamelist.xml'
DEBUG: Adding new entry for 'Balance of Power - The 1990 Edition (USA)' in '/recalbox/share/roms/readystream/apple2gs/gamelist.xml'
DEBUG: Adding new entry for 'Bard's Tale II, The - The Destiny Knight (USA) (Disk 1) (Boot Disk)' in '/recalbox/share/roms/readystream/apple2gs/gamelist.xml'
DEBUG: Adding new entry for 'Bard's Tale II, The - The Destiny Knight (USA) (Disk 1) (Character Disk)' in '/recalbox/share/roms/readystream/apple2gs/gamelist.xml'
DEBUG: Adding new entry for 'Bard's Tale II, The - The Destiny Knight (USA) (Disk 2) (Dungeon 1 Disk)' in '/recalbox/share/roms/readystream/apple2gs/gamelist.xml'
DEBUG: Adding new entry for 'Bard's Tale II, The - The Destiny Knight (USA) (Disk 2) (Dungeon 2 Disk)' in '/recalbox/share/roms/readystream/apple2gs/gamelist.xml'
DEBUG: Adding new entry for 'Beagle Draw (USA)' in '/recalbox/share/roms/readystream/apple2gs/gamelist.xml'
DEBUG: Adding new entry for 'BeagleWrite (USA) (v3.2)' in '/recalbox/share/roms/readystream/apple2gs/gamelist.xml'
DEBUG: Adding new entry for 'Beyond Zork (USA)' in '/recalbox/share/roms/readystream/apple2gs/gamelist.xml'
DEBUG: Adding new entry for 'Black Cauldron, The (USA) (Disk 1)' in '/recalbox/share/roms/readystream/apple2gs/gamelist.xml'
DEBUG: Adding new entry for 'Black Cauldron, The (USA) (Disk 2)' in '/recalbox/share/roms/readystream/apple2gs/gamelist.xml'
DEBUG: Adding new entry for 'Blackjack Academy (USA)' in '/recalbox/share/roms/readystream/apple2gs/gamelist.xml'
DEBUG: Adding new entry for 'Block Out (USA)' in '/recalbox/share/roms/readystream/apple2gs/gamelist.xml'
DEBUG: Adding new entry for 'Bridge 6.0 - Your Bid for Entertainment (USA)' in '/recalbox/share/roms/readystream/apple2gs/gamelist.xml'
DEBUG: Adding new entry for 'Bubble Ghost (USA)' in '/recalbox/share/roms/readystream/apple2gs/gamelist.xml'
DEBUG: Adding new entry for 'Calendar Crafter (USA)' in '/recalbox/share/roms/readystream/apple2gs/gamelist.xml'
DEBUG: Adding new entry for 'California Games (USA)' in '/recalbox/share/roms/readystream/apple2gs/gamelist.xml'
DEBUG: Adding new entry for 'Captain Blood (USA)' in '/recalbox/share/roms/readystream/apple2gs/gamelist.xml'
DEBUG: Adding new entry for 'Cavern Cobra (USA)' in '/recalbox/share/roms/readystream/apple2gs/gamelist.xml'
DEBUG: Adding new entry for 'Club Backgammon (USA)' in '/recalbox/share/roms/readystream/apple2gs/gamelist.xml'
DEBUG: Adding new entry for 'Columns GS (USA)' in '/recalbox/share/roms/readystream/apple2gs/gamelist.xml'
DEBUG: Adding new entry for 'Cribbage King - Gin King (USA) (Disk 1)' in '/recalbox/share/roms/readystream/apple2gs/gamelist.xml'
DEBUG: Adding new entry for 'Cribbage King - Gin King (USA) (Disk 2)' in '/recalbox/share/roms/readystream/apple2gs/gamelist.xml'
DEBUG: Adding new entry for 'Crystal Quest (USA)' in '/recalbox/share/roms/readystream/apple2gs/gamelist.xml'
DEBUG: Adding new entry for 'Dark Castle (USA) (Disk 1)' in '/recalbox/share/roms/readystream/apple2gs/gamelist.xml'
DEBUG: Adding new entry for 'Dark Castle (USA) (Disk 2)' in '/recalbox/share/roms/readystream/apple2gs/gamelist.xml'
DEBUG: Adding new entry for 'Defender of the Crown (USA) (Disk 1)' in '/recalbox/share/roms/readystream/apple2gs/gamelist.xml'
DEBUG: Adding new entry for 'Defender of the Crown (USA) (Disk 2)' in '/recalbox/share/roms/readystream/apple2gs/gamelist.xml'
DEBUG: Adding new entry for 'Deja Vu (USA) (Disk 1)' in '/recalbox/share/roms/readystream/apple2gs/gamelist.xml'
DEBUG: Adding new entry for 'Deja Vu (USA) (Disk 2)' in '/recalbox/share/roms/readystream/apple2gs/gamelist.xml'
DEBUG: Adding new entry for 'Deja Vu II (USA)' in '/recalbox/share/roms/readystream/apple2gs/gamelist.xml'
DEBUG: Adding new entry for 'Deluxe Paint II (USA) (Disk 1)' in '/recalbox/share/roms/readystream/apple2gs/gamelist.xml'
DEBUG: Adding new entry for 'Deluxe Paint II (USA) (Disk 2)' in '/recalbox/share/roms/readystream/apple2gs/gamelist.xml'
DEBUG: Adding new entry for 'Designer Prints (USA) (Disk 1)' in '/recalbox/share/roms/readystream/apple2gs/gamelist.xml'
DEBUG: Adding new entry for 'Designer Prints (USA) (Disk 2)' in '/recalbox/share/roms/readystream/apple2gs/gamelist.xml'
DEBUG: Adding new entry for 'Designer Puzzles (USA) (Disk 1)' in '/recalbox/share/roms/readystream/apple2gs/gamelist.xml'
DEBUG: Adding new entry for 'Designer Puzzles (USA) (Disk 2)' in '/recalbox/share/roms/readystream/apple2gs/gamelist.xml'
DEBUG: Adding new entry for 'Destroyer (USA)' in '/recalbox/share/roms/readystream/apple2gs/gamelist.xml'
DEBUG: Adding new entry for 'Downhill Challenge (USA) (Disk 1)' in '/recalbox/share/roms/readystream/apple2gs/gamelist.xml'
DEBUG: Adding new entry for 'Downhill Challenge (USA) (Disk 2)' in '/recalbox/share/roms/readystream/apple2gs/gamelist.xml'
DEBUG: Adding new entry for 'Dragon Wars (USA)' in '/recalbox/share/roms/readystream/apple2gs/gamelist.xml'
DEBUG: Adding new entry for 'Draw Plus (USA)' in '/recalbox/share/roms/readystream/apple2gs/gamelist.xml'
DEBUG: Adding new entry for 'Dream Grafix (USA)' in '/recalbox/share/roms/readystream/apple2gs/gamelist.xml'
DEBUG: Adding new entry for 'Dream Zone (USA) (Disk 1)' in '/recalbox/share/roms/readystream/apple2gs/gamelist.xml'
DEBUG: Adding new entry for 'Dream Zone (USA) (Disk 2)' in '/recalbox/share/roms/readystream/apple2gs/gamelist.xml'
DEBUG: Adding new entry for 'Fantavision (USA)' in '/recalbox/share/roms/readystream/apple2gs/gamelist.xml'
DEBUG: Adding new entry for 'Fast Break (USA)' in '/recalbox/share/roms/readystream/apple2gs/gamelist.xml'
DEBUG: Adding new entry for 'Fidelity, The - Chessmaster 2100 (USA) (Disk 1)' in '/recalbox/share/roms/readystream/apple2gs/gamelist.xml'
DEBUG: Adding new entry for 'Fidelity, The - Chessmaster 2100 (USA) (Disk 2)' in '/recalbox/share/roms/readystream/apple2gs/gamelist.xml'
DEBUG: Adding new entry for 'Final Assault (USA)' in '/recalbox/share/roms/readystream/apple2gs/gamelist.xml'
DEBUG: Adding new entry for 'Full Metal Planete (USA) (Fr)' in '/recalbox/share/roms/readystream/apple2gs/gamelist.xml'
DEBUG: Adding new entry for 'GBA Championship Basketball - Two-on-Two (USA)' in '/recalbox/share/roms/readystream/apple2gs/gamelist.xml'
DEBUG: Adding new entry for 'Gate, The (USA) (Disk 1)' in '/recalbox/share/roms/readystream/apple2gs/gamelist.xml'
DEBUG: Adding new entry for 'Gate, The (USA) (Disk 2)' in '/recalbox/share/roms/readystream/apple2gs/gamelist.xml'
DEBUG: Adding new entry for 'Gauntlet (USA)' in '/recalbox/share/roms/readystream/apple2gs/gamelist.xml'
DEBUG: Adding new entry for 'Gold Rush (USA) (Disk 1)' in '/recalbox/share/roms/readystream/apple2gs/gamelist.xml'
DEBUG: Adding new entry for 'Gold Rush (USA) (Disk 2)' in '/recalbox/share/roms/readystream/apple2gs/gamelist.xml'
DEBUG: Adding new entry for 'Gold Rush (USA) (Disk 3)' in '/recalbox/share/roms/readystream/apple2gs/gamelist.xml'
DEBUG: Adding new entry for 'Gold Rush (USA) (Disk 4)' in '/recalbox/share/roms/readystream/apple2gs/gamelist.xml'
DEBUG: Adding new entry for 'Grand Prix Circuit (USA)' in '/recalbox/share/roms/readystream/apple2gs/gamelist.xml'
DEBUG: Adding new entry for 'Graphic Writer III (USA) (v1.0) (Disk 1)' in '/recalbox/share/roms/readystream/apple2gs/gamelist.xml'
DEBUG: Adding new entry for 'Graphic Writer III (USA) (v1.0) (Disk 2)' in '/recalbox/share/roms/readystream/apple2gs/gamelist.xml'
DEBUG: Adding new entry for 'Graphic Writer III (USA) (v1.0) (Disk 3)' in '/recalbox/share/roms/readystream/apple2gs/gamelist.xml'
DEBUG: Adding new entry for 'Graphics Studio (USA)' in '/recalbox/share/roms/readystream/apple2gs/gamelist.xml'
DEBUG: Adding new entry for 'Graphics Supermarket (USA)' in '/recalbox/share/roms/readystream/apple2gs/gamelist.xml'
DEBUG: Adding new entry for 'Great Western Shootout (USA) (Disk 1)' in '/recalbox/share/roms/readystream/apple2gs/gamelist.xml'
DEBUG: Adding new entry for 'Great Western Shootout (USA) (Disk 2)' in '/recalbox/share/roms/readystream/apple2gs/gamelist.xml'
DEBUG: Adding new entry for 'Hacker II (USA)' in '/recalbox/share/roms/readystream/apple2gs/gamelist.xml'
DEBUG: Adding new entry for 'Halls of Montezuma (USA) (Disk 1)' in '/recalbox/share/roms/readystream/apple2gs/gamelist.xml'
DEBUG: Adding new entry for 'Halls of Montezuma (USA) (Disk 2)' in '/recalbox/share/roms/readystream/apple2gs/gamelist.xml'
DEBUG: Adding new entry for 'Hardball! (USA)' in '/recalbox/share/roms/readystream/apple2gs/gamelist.xml'
DEBUG: Adding new entry for 'Hostage - Rescue Mission (USA)' in '/recalbox/share/roms/readystream/apple2gs/gamelist.xml'
DEBUG: Adding new entry for 'Hover Blade (USA) (Disk 1)' in '/recalbox/share/roms/readystream/apple2gs/gamelist.xml'
DEBUG: Adding new entry for 'Hover Blade (USA) (Disk 2)' in '/recalbox/share/roms/readystream/apple2gs/gamelist.xml'
DEBUG: Adding new entry for 'Hunt for Red October, The (USA)' in '/recalbox/share/roms/readystream/apple2gs/gamelist.xml'
DEBUG: Adding new entry for 'HyperStudio (USA) (v3.1c) (Disk 1)' in '/recalbox/share/roms/readystream/apple2gs/gamelist.xml'
DEBUG: Adding new entry for 'HyperStudio (USA) (v3.1c) (Disk 2)' in '/recalbox/share/roms/readystream/apple2gs/gamelist.xml'
DEBUG: Adding new entry for 'HyperStudio (USA) (v3.1c) (Disk 3)' in '/recalbox/share/roms/readystream/apple2gs/gamelist.xml'
DEBUG: Adding new entry for 'HyperStudio (USA) (v3.1c) (Disk 4)' in '/recalbox/share/roms/readystream/apple2gs/gamelist.xml'
DEBUG: Adding new entry for 'HyperStudio (USA) (v3.1c) (Disk 5)' in '/recalbox/share/roms/readystream/apple2gs/gamelist.xml'
DEBUG: Adding new entry for 'HyperStudio (USA) (v3.1c) (Disk 6)' in '/recalbox/share/roms/readystream/apple2gs/gamelist.xml'
DEBUG: Adding new entry for 'HyperStudio (USA) (v3.1c) (Disk 7)' in '/recalbox/share/roms/readystream/apple2gs/gamelist.xml'
DEBUG: Adding new entry for 'ImageMaster - Basic Paint (USA)' in '/recalbox/share/roms/readystream/apple2gs/gamelist.xml'
DEBUG: Adding new entry for 'Immortal, The (USA) (Disk 1)' in '/recalbox/share/roms/readystream/apple2gs/gamelist.xml'
DEBUG: Adding new entry for 'Immortal, The (USA) (Disk 2)' in '/recalbox/share/roms/readystream/apple2gs/gamelist.xml'
DEBUG: Adding new entry for 'Impossible Mission II (USA)' in '/recalbox/share/roms/readystream/apple2gs/gamelist.xml'
DEBUG: Adding new entry for 'Instant Synthesizer (USA) (Disk 1)' in '/recalbox/share/roms/readystream/apple2gs/gamelist.xml'
DEBUG: Adding new entry for 'Instant Synthesizer (USA) (Disk 2)' in '/recalbox/share/roms/readystream/apple2gs/gamelist.xml'
DEBUG: Adding new entry for 'Jack Nicklaus Greatest 18 Holes of Major Championship Golf (USA) (Disk 1)' in '/recalbox/share/roms/readystream/apple2gs/gamelist.xml'
DEBUG: Adding new entry for 'Jack Nicklaus Greatest 18 Holes of Major Championship Golf (USA) (Disk 2)' in '/recalbox/share/roms/readystream/apple2gs/gamelist.xml'
DEBUG: Adding new entry for 'Jam Session (USA) (Disk 1)' in '/recalbox/share/roms/readystream/apple2gs/gamelist.xml'
DEBUG: Adding new entry for 'Jam Session (USA) (Disk 2)' in '/recalbox/share/roms/readystream/apple2gs/gamelist.xml'
DEBUG: Adding new entry for 'Jigsaw (USA) (Disk 1)' in '/recalbox/share/roms/readystream/apple2gs/gamelist.xml'
DEBUG: Adding new entry for 'Jigsaw (USA) (Disk 2)' in '/recalbox/share/roms/readystream/apple2gs/gamelist.xml'
DEBUG: Adding new entry for 'John Elway's Quarterback (USA)' in '/recalbox/share/roms/readystream/apple2gs/gamelist.xml'
DEBUG: Adding new entry for 'Keef the Thief (USA) (Disk 1)' in '/recalbox/share/roms/readystream/apple2gs/gamelist.xml'
DEBUG: Adding new entry for 'Keef the Thief (USA) (Disk 2)' in '/recalbox/share/roms/readystream/apple2gs/gamelist.xml'
DEBUG: Adding new entry for 'King of Chicago, The (USA) (Disk 1)' in '/recalbox/share/roms/readystream/apple2gs/gamelist.xml'
DEBUG: Adding new entry for 'King of Chicago, The (USA) (Disk 2)' in '/recalbox/share/roms/readystream/apple2gs/gamelist.xml'
DEBUG: Adding new entry for 'King's Quest (USA) (Disk 1)' in '/recalbox/share/roms/readystream/apple2gs/gamelist.xml'
DEBUG: Adding new entry for 'King's Quest (USA) (Disk 2)' in '/recalbox/share/roms/readystream/apple2gs/gamelist.xml'
DEBUG: Adding new entry for 'King's Quest II - Romancing the Throne (USA) (Disk 1)' in '/recalbox/share/roms/readystream/apple2gs/gamelist.xml'
DEBUG: Adding new entry for 'King's Quest II - Romancing the Throne (USA) (Disk 2)' in '/recalbox/share/roms/readystream/apple2gs/gamelist.xml'
DEBUG: Adding new entry for 'King's Quest III (USA) (Disk 1)' in '/recalbox/share/roms/readystream/apple2gs/gamelist.xml'
DEBUG: Adding new entry for 'King's Quest III (USA) (Disk 2)' in '/recalbox/share/roms/readystream/apple2gs/gamelist.xml'
DEBUG: Adding new entry for 'King's Quest IV (USA) (Disk 1)' in '/recalbox/share/roms/readystream/apple2gs/gamelist.xml'
DEBUG: Adding new entry for 'King's Quest IV (USA) (Disk 2)' in '/recalbox/share/roms/readystream/apple2gs/gamelist.xml'
DEBUG: Adding new entry for 'King's Quest IV (USA) (Disk 3)' in '/recalbox/share/roms/readystream/apple2gs/gamelist.xml'
DEBUG: Adding new entry for 'Laser Force (USA) (Disk 1)' in '/recalbox/share/roms/readystream/apple2gs/gamelist.xml'
DEBUG: Adding new entry for 'Laser Force (USA) (Disk 2)' in '/recalbox/share/roms/readystream/apple2gs/gamelist.xml'
DEBUG: Adding new entry for 'Last Ninja, The (USA)' in '/recalbox/share/roms/readystream/apple2gs/gamelist.xml'
DEBUG: Adding new entry for 'Leisure Suit Larry in the Land of the Lounge Wizard (USA) (Disk 1)' in '/recalbox/share/roms/readystream/apple2gs/gamelist.xml'
DEBUG: Adding new entry for 'Leisure Suit Larry in the Land of the Lounge Wizard (USA) (Disk 2)' in '/recalbox/share/roms/readystream/apple2gs/gamelist.xml'
DEBUG: Adding new entry for 'Mad Libs (USA)' in '/recalbox/share/roms/readystream/apple2gs/gamelist.xml'
DEBUG: Adding new entry for 'Manhunter - New York (USA) (Disk 1)' in '/recalbox/share/roms/readystream/apple2gs/gamelist.xml'
DEBUG: Adding new entry for 'Manhunter - New York (USA) (Disk 2)' in '/recalbox/share/roms/readystream/apple2gs/gamelist.xml'
DEBUG: Adding new entry for 'Manhunter - New York (USA) (Disk 3)' in '/recalbox/share/roms/readystream/apple2gs/gamelist.xml'
DEBUG: Adding new entry for 'Manhunter - New York (USA) (Disk 4)' in '/recalbox/share/roms/readystream/apple2gs/gamelist.xml'
DEBUG: Adding new entry for 'Master Tracks Jr. (USA) (v1.03)' in '/recalbox/share/roms/readystream/apple2gs/gamelist.xml'
DEBUG: Adding new entry for 'Master Tracks Pro (USA) (v1.04)' in '/recalbox/share/roms/readystream/apple2gs/gamelist.xml'
DEBUG: Adding new entry for 'Math and Me (USA)' in '/recalbox/share/roms/readystream/apple2gs/gamelist.xml'
DEBUG: Adding new entry for 'Mavis Beacon (USA) (Disk 1)' in '/recalbox/share/roms/readystream/apple2gs/gamelist.xml'
DEBUG: Adding new entry for 'Mavis Beacon (USA) (Disk 2)' in '/recalbox/share/roms/readystream/apple2gs/gamelist.xml'
DEBUG: Adding new entry for 'Mean 18 (USA) (Disk 1)' in '/recalbox/share/roms/readystream/apple2gs/gamelist.xml'
DEBUG: Adding new entry for 'Mean 18 (USA) (Disk 2)' in '/recalbox/share/roms/readystream/apple2gs/gamelist.xml'
DEBUG: Adding new entry for 'Mean 18 (USA) (Disk 3)' in '/recalbox/share/roms/readystream/apple2gs/gamelist.xml'
DEBUG: Adding new entry for 'Mean 18 (USA) (Disk 4)' in '/recalbox/share/roms/readystream/apple2gs/gamelist.xml'
DEBUG: Adding new entry for 'Mercury (USA) (Disk 1)' in '/recalbox/share/roms/readystream/apple2gs/gamelist.xml'
DEBUG: Adding new entry for 'Mercury (USA) (Disk 2)' in '/recalbox/share/roms/readystream/apple2gs/gamelist.xml'
DEBUG: Adding new entry for 'Mini-Putt - The Ultimate Challenge (USA)' in '/recalbox/share/roms/readystream/apple2gs/gamelist.xml'
DEBUG: Adding new entry for 'Monte Carlo (USA)' in '/recalbox/share/roms/readystream/apple2gs/gamelist.xml'
DEBUG: Adding new entry for 'Music Construction Set (USA)' in '/recalbox/share/roms/readystream/apple2gs/gamelist.xml'
DEBUG: Adding new entry for 'Music Studio (USA) (v2.0) (Disk 1)' in '/recalbox/share/roms/readystream/apple2gs/gamelist.xml'
DEBUG: Adding new entry for 'Music Studio (USA) (v2.0) (Disk 2)' in '/recalbox/share/roms/readystream/apple2gs/gamelist.xml'
DEBUG: Adding new entry for 'Music Writer (USA) (v2.03) (Disk 1)' in '/recalbox/share/roms/readystream/apple2gs/gamelist.xml'
DEBUG: Adding new entry for 'Music Writer (USA) (v2.03) (Disk 2)' in '/recalbox/share/roms/readystream/apple2gs/gamelist.xml'
DEBUG: Adding new entry for 'Neuromancer (USA)' in '/recalbox/share/roms/readystream/apple2gs/gamelist.xml'
DEBUG: Adding new entry for 'NoiseTracker (USA)' in '/recalbox/share/roms/readystream/apple2gs/gamelist.xml'
DEBUG: Adding new entry for 'Omega (USA)' in '/recalbox/share/roms/readystream/apple2gs/gamelist.xml'
DEBUG: Adding new entry for 'Out of This World (USA) (Disk 1)' in '/recalbox/share/roms/readystream/apple2gs/gamelist.xml'
DEBUG: Adding new entry for 'Out of This World (USA) (Disk 2)' in '/recalbox/share/roms/readystream/apple2gs/gamelist.xml'
DEBUG: Adding new entry for 'Paintworks Gold (USA) (v1.5) (Disk 1)' in '/recalbox/share/roms/readystream/apple2gs/gamelist.xml'
DEBUG: Adding new entry for 'Paintworks Gold (USA) (v1.5) (Disk 2)' in '/recalbox/share/roms/readystream/apple2gs/gamelist.xml'
DEBUG: Adding new entry for 'Paintworks Plus (USA)' in '/recalbox/share/roms/readystream/apple2gs/gamelist.xml'
DEBUG: Adding new entry for 'Photonix (USA) (v1.46)' in '/recalbox/share/roms/readystream/apple2gs/gamelist.xml'
DEBUG: Adding new entry for 'Pipe Dream (USA)' in '/recalbox/share/roms/readystream/apple2gs/gamelist.xml'
DEBUG: Adding new entry for 'Platinum Paint (USA) (v2.01) (Disk 1)' in '/recalbox/share/roms/readystream/apple2gs/gamelist.xml'
DEBUG: Adding new entry for 'Platinum Paint (USA) (v2.01) (Disk 2)' in '/recalbox/share/roms/readystream/apple2gs/gamelist.xml'
DEBUG: Adding new entry for 'Police Quest (USA) (Disk 1)' in '/recalbox/share/roms/readystream/apple2gs/gamelist.xml'
DEBUG: Adding new entry for 'Police Quest (USA) (Disk 2)' in '/recalbox/share/roms/readystream/apple2gs/gamelist.xml'
DEBUG: Adding new entry for 'Print Shop (USA)' in '/recalbox/share/roms/readystream/apple2gs/gamelist.xml'
DEBUG: Adding new entry for 'Print Shop Companion, The (USA)' in '/recalbox/share/roms/readystream/apple2gs/gamelist.xml'
DEBUG: Adding new entry for 'Qix (USA)' in '/recalbox/share/roms/readystream/apple2gs/gamelist.xml'
DEBUG: Adding new entry for 'Questron II (USA)' in '/recalbox/share/roms/readystream/apple2gs/gamelist.xml'
DEBUG: Adding new entry for 'Reach for the Stars (USA)' in '/recalbox/share/roms/readystream/apple2gs/gamelist.xml'
DEBUG: Adding new entry for 'Read & Rhyme (USA) (Disk 1)' in '/recalbox/share/roms/readystream/apple2gs/gamelist.xml'
DEBUG: Adding new entry for 'Read & Rhyme (USA) (Disk 2)' in '/recalbox/share/roms/readystream/apple2gs/gamelist.xml'
DEBUG: Adding new entry for 'Read-a-Rama (USA) (Disk 1)' in '/recalbox/share/roms/readystream/apple2gs/gamelist.xml'
DEBUG: Adding new entry for 'Read-a-Rama (USA) (Disk 2)' in '/recalbox/share/roms/readystream/apple2gs/gamelist.xml'
DEBUG: Adding new entry for 'Read-a-Rama (USA) (Disk 3)' in '/recalbox/share/roms/readystream/apple2gs/gamelist.xml'
DEBUG: Adding new entry for 'Reader Rabbit (USA)' in '/recalbox/share/roms/readystream/apple2gs/gamelist.xml'
DEBUG: Adding new entry for 'Reading and Me (USA) (Disk 1)' in '/recalbox/share/roms/readystream/apple2gs/gamelist.xml'
DEBUG: Adding new entry for 'Reading and Me (USA) (Disk 2)' in '/recalbox/share/roms/readystream/apple2gs/gamelist.xml'
DEBUG: Adding new entry for 'Roadwar 2000 (USA)' in '/recalbox/share/roms/readystream/apple2gs/gamelist.xml'
DEBUG: Adding new entry for 'Salvation Supreme (USA) (v2.0) (Disk 1)' in '/recalbox/share/roms/readystream/apple2gs/gamelist.xml'
DEBUG: Adding new entry for 'Salvation Supreme (USA) (v2.0) (Disk 2)' in '/recalbox/share/roms/readystream/apple2gs/gamelist.xml'
DEBUG: Adding new entry for 'Sea Strike (USA)' in '/recalbox/share/roms/readystream/apple2gs/gamelist.xml'
DEBUG: Adding new entry for 'Serve & Volley (USA)' in '/recalbox/share/roms/readystream/apple2gs/gamelist.xml'
DEBUG: Adding new entry for 'Shadowgate (USA) (Disk 1)' in '/recalbox/share/roms/readystream/apple2gs/gamelist.xml'
DEBUG: Adding new entry for 'Shadowgate (USA) (Disk 2)' in '/recalbox/share/roms/readystream/apple2gs/gamelist.xml'
DEBUG: Adding new entry for 'Shanghai (USA)' in '/recalbox/share/roms/readystream/apple2gs/gamelist.xml'
DEBUG: Adding new entry for 'Shanghai II - Dragon's Eye (USA) (Disk 1)' in '/recalbox/share/roms/readystream/apple2gs/gamelist.xml'
DEBUG: Adding new entry for 'Shanghai II - Dragon's Eye (USA) (Disk 2)' in '/recalbox/share/roms/readystream/apple2gs/gamelist.xml'
DEBUG: Adding new entry for 'Show Off (USA) (v1.1) (Disk 1)' in '/recalbox/share/roms/readystream/apple2gs/gamelist.xml'
DEBUG: Adding new entry for 'Show Off (USA) (v1.1) (Disk 2)' in '/recalbox/share/roms/readystream/apple2gs/gamelist.xml'
DEBUG: Adding new entry for 'Show Off (USA) (v1.1) (Disk 3)' in '/recalbox/share/roms/readystream/apple2gs/gamelist.xml'
DEBUG: Adding new entry for 'Silent Service (USA)' in '/recalbox/share/roms/readystream/apple2gs/gamelist.xml'
DEBUG: Adding new entry for 'Silpheed (USA) (Disk 1)' in '/recalbox/share/roms/readystream/apple2gs/gamelist.xml'
DEBUG: Adding new entry for 'Silpheed (USA) (Disk 2)' in '/recalbox/share/roms/readystream/apple2gs/gamelist.xml'
DEBUG: Adding new entry for 'Skate or Die (USA)' in '/recalbox/share/roms/readystream/apple2gs/gamelist.xml'
DEBUG: Adding new entry for 'SmoothTalker (USA)' in '/recalbox/share/roms/readystream/apple2gs/gamelist.xml'
DEBUG: Adding new entry for 'Snoopy's Reading Machine (USA)' in '/recalbox/share/roms/readystream/apple2gs/gamelist.xml'
DEBUG: Adding new entry for 'Solitaire Royale (USA)' in '/recalbox/share/roms/readystream/apple2gs/gamelist.xml'
DEBUG: Adding new entry for 'Space Ace (USA) (Disk 1)' in '/recalbox/share/roms/readystream/apple2gs/gamelist.xml'
DEBUG: Adding new entry for 'Space Ace (USA) (Disk 2)' in '/recalbox/share/roms/readystream/apple2gs/gamelist.xml'
DEBUG: Adding new entry for 'Space Ace (USA) (Disk 3)' in '/recalbox/share/roms/readystream/apple2gs/gamelist.xml'
DEBUG: Adding new entry for 'Space Ace (USA) (Disk 4)' in '/recalbox/share/roms/readystream/apple2gs/gamelist.xml'
DEBUG: Adding new entry for 'Space Ace (USA) (Disk 5)' in '/recalbox/share/roms/readystream/apple2gs/gamelist.xml'
DEBUG: Adding new entry for 'Space Ace (USA) (Disk 6)' in '/recalbox/share/roms/readystream/apple2gs/gamelist.xml'
DEBUG: Adding new entry for 'Space Ace (USA) (Disk 7)' in '/recalbox/share/roms/readystream/apple2gs/gamelist.xml'
DEBUG: Adding new entry for 'Space Ace (USA) (Disk 8)' in '/recalbox/share/roms/readystream/apple2gs/gamelist.xml'
DEBUG: Adding new entry for 'Space Ace (USA) (Disk 9)' in '/recalbox/share/roms/readystream/apple2gs/gamelist.xml'
DEBUG: Adding new entry for 'Space Quest I - The Sarien Encounter (USA) (Disk 1)' in '/recalbox/share/roms/readystream/apple2gs/gamelist.xml'
DEBUG: Adding new entry for 'Space Quest I - The Sarien Encounter (USA) (Disk 2)' in '/recalbox/share/roms/readystream/apple2gs/gamelist.xml'
DEBUG: Adding new entry for 'Space Quest II - Vohaul's Revenge (USA) (Disk 1)' in '/recalbox/share/roms/readystream/apple2gs/gamelist.xml'
DEBUG: Adding new entry for 'Space Quest II - Vohaul's Revenge (USA) (Disk 2)' in '/recalbox/share/roms/readystream/apple2gs/gamelist.xml'
DEBUG: Adding new entry for 'Star Saga One - Beyond the Boundary (USA) (v1.1)' in '/recalbox/share/roms/readystream/apple2gs/gamelist.xml'
DEBUG: Adding new entry for 'Star Saga Two - The Clathran Menance (USA) (v1.0)' in '/recalbox/share/roms/readystream/apple2gs/gamelist.xml'
DEBUG: Adding new entry for 'Stars & Planets (USA)' in '/recalbox/share/roms/readystream/apple2gs/gamelist.xml'
DEBUG: Adding new entry for 'Stickybear Shapes (USA)' in '/recalbox/share/roms/readystream/apple2gs/gamelist.xml'
DEBUG: Adding new entry for 'Storybook Weaver (USA) (Disk 1)' in '/recalbox/share/roms/readystream/apple2gs/gamelist.xml'
DEBUG: Adding new entry for 'Storybook Weaver (USA) (Disk 2)' in '/recalbox/share/roms/readystream/apple2gs/gamelist.xml'
DEBUG: Adding new entry for 'Storybook Weaver - World of Make Believe (USA) (Disk 1)' in '/recalbox/share/roms/readystream/apple2gs/gamelist.xml'
DEBUG: Adding new entry for 'Storybook Weaver - World of Make Believe (USA) (Disk 2)' in '/recalbox/share/roms/readystream/apple2gs/gamelist.xml'
DEBUG: Adding new entry for 'Street Sports Soccer (USA)' in '/recalbox/share/roms/readystream/apple2gs/gamelist.xml'
DEBUG: Adding new entry for 'Sub Battle Simulator (USA)' in '/recalbox/share/roms/readystream/apple2gs/gamelist.xml'
DEBUG: Adding new entry for 'Superstar Ice Hockey (USA)' in '/recalbox/share/roms/readystream/apple2gs/gamelist.xml'
DEBUG: Adding new entry for 'Tales From the Arabian Nights (USA) (Disk 1)' in '/recalbox/share/roms/readystream/apple2gs/gamelist.xml'
DEBUG: Adding new entry for 'Tales From the Arabian Nights (USA) (Disk 2)' in '/recalbox/share/roms/readystream/apple2gs/gamelist.xml'
DEBUG: Adding new entry for 'Tarot (USA)' in '/recalbox/share/roms/readystream/apple2gs/gamelist.xml'
DEBUG: Adding new entry for 'Task Force (USA) (Disk 1)' in '/recalbox/share/roms/readystream/apple2gs/gamelist.xml'
DEBUG: Adding new entry for 'Task Force (USA) (Disk 2)' in '/recalbox/share/roms/readystream/apple2gs/gamelist.xml'
DEBUG: Adding new entry for 'Tass Times in Tonetown (USA)' in '/recalbox/share/roms/readystream/apple2gs/gamelist.xml'
DEBUG: Adding new entry for 'Tetris (USA)' in '/recalbox/share/roms/readystream/apple2gs/gamelist.xml'
DEBUG: Adding new entry for 'Thexder (USA)' in '/recalbox/share/roms/readystream/apple2gs/gamelist.xml'
DEBUG: Adding new entry for 'Third Courier, The (USA) (Disk 1)' in '/recalbox/share/roms/readystream/apple2gs/gamelist.xml'
DEBUG: Adding new entry for 'Third Courier, The (USA) (Disk 2)' in '/recalbox/share/roms/readystream/apple2gs/gamelist.xml'
DEBUG: Adding new entry for 'Tower of Myraglen, The (USA) (Disk 1)' in '/recalbox/share/roms/readystream/apple2gs/gamelist.xml'
DEBUG: Adding new entry for 'Tower of Myraglen, The (USA) (Disk 2)' in '/recalbox/share/roms/readystream/apple2gs/gamelist.xml'
DEBUG: Adding new entry for 'Triango (USA)' in '/recalbox/share/roms/readystream/apple2gs/gamelist.xml'
DEBUG: Adding new entry for 'Tunnels of Armageddon (USA)' in '/recalbox/share/roms/readystream/apple2gs/gamelist.xml'
DEBUG: Adding new entry for 'Uninvited (USA) (Disk 1)' in '/recalbox/share/roms/readystream/apple2gs/gamelist.xml'
DEBUG: Adding new entry for 'Uninvited (USA) (Disk 2)' in '/recalbox/share/roms/readystream/apple2gs/gamelist.xml'
DEBUG: Adding new entry for 'Wonders of the Animal Kingdom, The (USA) (Disk 1)' in '/recalbox/share/roms/readystream/apple2gs/gamelist.xml'
DEBUG: Adding new entry for 'Wonders of the Animal Kingdom, The (USA) (Disk 2)' in '/recalbox/share/roms/readystream/apple2gs/gamelist.xml'
DEBUG: Adding new entry for 'Word Master, The (USA)' in '/recalbox/share/roms/readystream/apple2gs/gamelist.xml'
INFO: Gamelist.xml MD5 checksum created: '/recalbox/share/roms/readystream/apple2gs/gamelist.xml.md5'
