INFO: Creating gamelist.xml in '/recalbox/share/roms/readystream/macintosh/gamelist.xml'
DEBUG: Adding new entry for 'APS PowerTools (USA, Europe) (v3.06)' in '/recalbox/share/roms/readystream/macintosh/gamelist.xml'
DEBUG: Adding new entry for 'APS PowerTools (USA, Europe) (v4.01)' in '/recalbox/share/roms/readystream/macintosh/gamelist.xml'
DEBUG: Adding new entry for 'APS PowerTools (USA, Europe) (v4.1)' in '/recalbox/share/roms/readystream/macintosh/gamelist.xml'
DEBUG: Adding new entry for 'APS PowerTools (USA, Europe)' in '/recalbox/share/roms/readystream/macintosh/gamelist.xml'
DEBUG: Adding new entry for 'Adobe Illustrator (USA, Europe) (v3.2)' in '/recalbox/share/roms/readystream/macintosh/gamelist.xml'
DEBUG: Adding new entry for 'Adobe Illustrator 88 (USA, Europe)' in '/recalbox/share/roms/readystream/macintosh/gamelist.xml'
DEBUG: Adding new entry for 'Adobe Type Manager (USA, Europe) (v1.2)' in '/recalbox/share/roms/readystream/macintosh/gamelist.xml'
DEBUG: Adding new entry for 'Adobe Type Manager (USA, Europe)' in '/recalbox/share/roms/readystream/macintosh/gamelist.xml'
DEBUG: Adding new entry for 'Airborne! (USA, Europe)' in '/recalbox/share/roms/readystream/macintosh/gamelist.xml'
DEBUG: Adding new entry for 'Aladdin Spring Cleaning (USA, Europe)' in '/recalbox/share/roms/readystream/macintosh/gamelist.xml'
DEBUG: Adding new entry for 'Aldus IntelliDraw (USA, Europe) (v2.0) (Disk 1)' in '/recalbox/share/roms/readystream/macintosh/gamelist.xml'
DEBUG: Adding new entry for 'Aldus IntelliDraw (USA, Europe) (v2.0) (Disk 2)' in '/recalbox/share/roms/readystream/macintosh/gamelist.xml'
DEBUG: Adding new entry for 'Aldus IntelliDraw (USA, Europe) (v2.0) (Disk 3)' in '/recalbox/share/roms/readystream/macintosh/gamelist.xml'
DEBUG: Adding new entry for 'Aldus IntelliDraw (USA, Europe) (v2.0) (Disk 4)' in '/recalbox/share/roms/readystream/macintosh/gamelist.xml'
DEBUG: Adding new entry for 'Aldus IntelliDraw (USA, Europe) (v2.0) (Disk 5)' in '/recalbox/share/roms/readystream/macintosh/gamelist.xml'
DEBUG: Adding new entry for 'Aldus IntelliDraw (USA, Europe) (v2.0.1) (Upgrade Disk)' in '/recalbox/share/roms/readystream/macintosh/gamelist.xml'
DEBUG: Adding new entry for 'Alge-Blaster Plus (Unknown) (Disk 1)' in '/recalbox/share/roms/readystream/macintosh/gamelist.xml'
DEBUG: Adding new entry for 'Alge-Blaster Plus! (USA, Europe) (v1.1)' in '/recalbox/share/roms/readystream/macintosh/gamelist.xml'
DEBUG: Adding new entry for 'America Online For Macintosh (Unknown) (Disk 1)' in '/recalbox/share/roms/readystream/macintosh/gamelist.xml'
DEBUG: Adding new entry for 'Anubis Utility (USA, Europe) (v2.54u)' in '/recalbox/share/roms/readystream/macintosh/gamelist.xml'
DEBUG: Adding new entry for 'Apache Strike (USA, Europe)' in '/recalbox/share/roms/readystream/macintosh/gamelist.xml'
DEBUG: Adding new entry for 'Apple Font Pack (USA, Europe)' in '/recalbox/share/roms/readystream/macintosh/gamelist.xml'
DEBUG: Adding new entry for 'Apple IIGS CD Setup (Unknown) (Disk 1)' in '/recalbox/share/roms/readystream/macintosh/gamelist.xml'
DEBUG: Adding new entry for 'Apple Multiple Scan Software for Macintosh (USA, Europe) (v1.2)' in '/recalbox/share/roms/readystream/macintosh/gamelist.xml'
DEBUG: Adding new entry for 'Apple Remote Access Client (USA, Europe) (Install Disk 1)' in '/recalbox/share/roms/readystream/macintosh/gamelist.xml'
DEBUG: Adding new entry for 'Apple Remote Access Client (USA, Europe) (Install Disk 2)' in '/recalbox/share/roms/readystream/macintosh/gamelist.xml'
DEBUG: Adding new entry for 'Apple Remote Access Client (USA, Europe) (Install Disk 3)' in '/recalbox/share/roms/readystream/macintosh/gamelist.xml'
DEBUG: Adding new entry for 'AppleWorks (Unknown) (Disk 1)' in '/recalbox/share/roms/readystream/macintosh/gamelist.xml'
DEBUG: Adding new entry for 'AppleWorks GS (Unknown) (Disk 1)' in '/recalbox/share/roms/readystream/macintosh/gamelist.xml'
DEBUG: Adding new entry for 'At Ease (Unknown) (Disk 1)' in '/recalbox/share/roms/readystream/macintosh/gamelist.xml'
DEBUG: Adding new entry for 'At Ease (Unknown) (Disk 2)' in '/recalbox/share/roms/readystream/macintosh/gamelist.xml'
DEBUG: Adding new entry for 'Baron (USA, Europe)' in '/recalbox/share/roms/readystream/macintosh/gamelist.xml'
DEBUG: Adding new entry for 'Battleship (USA, Europe)' in '/recalbox/share/roms/readystream/macintosh/gamelist.xml'
DEBUG: Adding new entry for 'Beyond Dark Castle (USA) (Disk 1)' in '/recalbox/share/roms/readystream/macintosh/gamelist.xml'
DEBUG: Adding new entry for 'Beyond Dark Castle (USA, Europe) (Disk 2)' in '/recalbox/share/roms/readystream/macintosh/gamelist.xml'
DEBUG: Adding new entry for 'Beyond Zork (USA, Europe)' in '/recalbox/share/roms/readystream/macintosh/gamelist.xml'
DEBUG: Adding new entry for 'CS-Edit (USA, Europe) (Disk 1)' in '/recalbox/share/roms/readystream/macintosh/gamelist.xml'
DEBUG: Adding new entry for 'Calculus T-L (USA, Europe) (Demo)' in '/recalbox/share/roms/readystream/macintosh/gamelist.xml'
DEBUG: Adding new entry for 'Canvas (USA, Europe) (Disk 1)' in '/recalbox/share/roms/readystream/macintosh/gamelist.xml'
DEBUG: Adding new entry for 'Canvas (USA, Europe) (Disk 2)' in '/recalbox/share/roms/readystream/macintosh/gamelist.xml'
DEBUG: Adding new entry for 'Castles - Siege & Conquest (USA, Europe) (Disk 1)' in '/recalbox/share/roms/readystream/macintosh/gamelist.xml'
DEBUG: Adding new entry for 'Castles - Siege & Conquest (USA, Europe) (Disk 2)' in '/recalbox/share/roms/readystream/macintosh/gamelist.xml'
DEBUG: Adding new entry for 'Castles - Siege & Conquest (USA, Europe) (Disk 3)' in '/recalbox/share/roms/readystream/macintosh/gamelist.xml'
DEBUG: Adding new entry for 'Castles - Siege & Conquest (USA, Europe) (Disk 4)' in '/recalbox/share/roms/readystream/macintosh/gamelist.xml'
DEBUG: Adding new entry for 'Castles - Siege & Conquest (USA, Europe) (Disk 5)' in '/recalbox/share/roms/readystream/macintosh/gamelist.xml'
DEBUG: Adding new entry for 'Castles - Siege & Conquest (USA, Europe) (Disk 6)' in '/recalbox/share/roms/readystream/macintosh/gamelist.xml'
DEBUG: Adding new entry for 'Castles - Siege & Conquest (USA, Europe) (Disk 7)' in '/recalbox/share/roms/readystream/macintosh/gamelist.xml'
DEBUG: Adding new entry for 'Certificate Maker (USA, Europe) (v2.02)' in '/recalbox/share/roms/readystream/macintosh/gamelist.xml'
DEBUG: Adding new entry for 'Chuck Yeager's Advanced Flight Trainer (USA, Europe) (Data Disk)' in '/recalbox/share/roms/readystream/macintosh/gamelist.xml'
DEBUG: Adding new entry for 'Chuck Yeager's Advanced Flight Trainer (USA, Europe) (Program Disk)' in '/recalbox/share/roms/readystream/macintosh/gamelist.xml'
DEBUG: Adding new entry for 'Code (Europe) (Disk 1)' in '/recalbox/share/roms/readystream/macintosh/gamelist.xml'
DEBUG: Adding new entry for 'Code (Europe) (Disk 2)' in '/recalbox/share/roms/readystream/macintosh/gamelist.xml'
DEBUG: Adding new entry for 'Code (Europe) (Disk 3)' in '/recalbox/share/roms/readystream/macintosh/gamelist.xml'
DEBUG: Adding new entry for 'Comic Works (USA, Europe) (Art Disk 1)' in '/recalbox/share/roms/readystream/macintosh/gamelist.xml'
DEBUG: Adding new entry for 'Comic Works (USA, Europe) (Art Disk 2)' in '/recalbox/share/roms/readystream/macintosh/gamelist.xml'
DEBUG: Adding new entry for 'Comic Works (USA, Europe) (Program Disk)' in '/recalbox/share/roms/readystream/macintosh/gamelist.xml'
DEBUG: Adding new entry for 'Computist Super Index (Unknown) (Disk 1)' in '/recalbox/share/roms/readystream/macintosh/gamelist.xml'
DEBUG: Adding new entry for 'Conflict Catcher 3 (USA, Europe) (Alt)' in '/recalbox/share/roms/readystream/macintosh/gamelist.xml'
DEBUG: Adding new entry for 'Conflict Catcher 3 (USA, Europe)' in '/recalbox/share/roms/readystream/macintosh/gamelist.xml'
DEBUG: Adding new entry for 'Connectix PowerBook Utilities (USA, Europe)' in '/recalbox/share/roms/readystream/macintosh/gamelist.xml'
DEBUG: Adding new entry for 'Copy II Mac (USA, Europe) (v3.2)' in '/recalbox/share/roms/readystream/macintosh/gamelist.xml'
DEBUG: Adding new entry for 'Copy II Mac - MacTools (USA, Europe) (v3.2)' in '/recalbox/share/roms/readystream/macintosh/gamelist.xml'
DEBUG: Adding new entry for 'Copy II Mac - MacTools (USA, Europe) (v6.3)' in '/recalbox/share/roms/readystream/macintosh/gamelist.xml'
DEBUG: Adding new entry for 'Correct Grammar (USA, Europe) (v2.02)' in '/recalbox/share/roms/readystream/macintosh/gamelist.xml'
DEBUG: Adding new entry for 'Cricket Graph (USA, Europe) (Applications Disk)' in '/recalbox/share/roms/readystream/macintosh/gamelist.xml'
DEBUG: Adding new entry for 'Cricket Graph (USA, Europe) (System and Utilities Disk)' in '/recalbox/share/roms/readystream/macintosh/gamelist.xml'
DEBUG: Adding new entry for 'Cutthroats (USA, Europe) (r23)' in '/recalbox/share/roms/readystream/macintosh/gamelist.xml'
DEBUG: Adding new entry for 'Cutthroats (USA, Europe)' in '/recalbox/share/roms/readystream/macintosh/gamelist.xml'
DEBUG: Adding new entry for 'Dark Castle (USA, Europe) (Disk 1)' in '/recalbox/share/roms/readystream/macintosh/gamelist.xml'
DEBUG: Adding new entry for 'Dark Castle (USA, Europe) (Disk 2)' in '/recalbox/share/roms/readystream/macintosh/gamelist.xml'
DEBUG: Adding new entry for 'Destination - Mars! (USA, Europe) (Discovery Pack)' in '/recalbox/share/roms/readystream/macintosh/gamelist.xml'
DEBUG: Adding new entry for 'Digital Gourmet (USA, Europe) (v2.6.2) (Disk 1)' in '/recalbox/share/roms/readystream/macintosh/gamelist.xml'
DEBUG: Adding new entry for 'Digital Gourmet (USA, Europe) (v2.6.2) (Disk 2)' in '/recalbox/share/roms/readystream/macintosh/gamelist.xml'
DEBUG: Adding new entry for 'Disk Manager Mac (USA, Europe) (Disk 1)' in '/recalbox/share/roms/readystream/macintosh/gamelist.xml'
DEBUG: Adding new entry for 'Distant Suns - Stars (USA, Europe)' in '/recalbox/share/roms/readystream/macintosh/gamelist.xml'
DEBUG: Adding new entry for 'Draw It Again, Sam (USA, Europe)' in '/recalbox/share/roms/readystream/macintosh/gamelist.xml'
DEBUG: Adding new entry for 'Dynopage Lite (USA, Europe)' in '/recalbox/share/roms/readystream/macintosh/gamelist.xml'
DEBUG: Adding new entry for 'Falcon (USA, Europe) (Disk 1)' in '/recalbox/share/roms/readystream/macintosh/gamelist.xml'
DEBUG: Adding new entry for 'Falcon (USA, Europe) (Disk 2) (Alt)' in '/recalbox/share/roms/readystream/macintosh/gamelist.xml'
DEBUG: Adding new entry for 'Falcon (USA, Europe) (Disk 2)' in '/recalbox/share/roms/readystream/macintosh/gamelist.xml'
DEBUG: Adding new entry for 'Family Lawyer for Macintosh (USA, Europe) (Disk 1) (Alt)' in '/recalbox/share/roms/readystream/macintosh/gamelist.xml'
DEBUG: Adding new entry for 'Family Lawyer for Macintosh (USA, Europe) (Disk 1)' in '/recalbox/share/roms/readystream/macintosh/gamelist.xml'
DEBUG: Adding new entry for 'Family Lawyer for Macintosh (USA, Europe) (Disk 2) (Alt)' in '/recalbox/share/roms/readystream/macintosh/gamelist.xml'
DEBUG: Adding new entry for 'Family Lawyer for Macintosh (USA, Europe) (Disk 2)' in '/recalbox/share/roms/readystream/macintosh/gamelist.xml'
DEBUG: Adding new entry for 'Family Lawyer for Macintosh (USA, Europe) (Disk 3) (Alt)' in '/recalbox/share/roms/readystream/macintosh/gamelist.xml'
DEBUG: Adding new entry for 'Family Lawyer for Macintosh (USA, Europe) (Disk 3)' in '/recalbox/share/roms/readystream/macintosh/gamelist.xml'
DEBUG: Adding new entry for 'Family Lawyer for Macintosh (USA, Europe) (Disk 4) (Alt)' in '/recalbox/share/roms/readystream/macintosh/gamelist.xml'
DEBUG: Adding new entry for 'Family Lawyer for Macintosh (USA, Europe) (Disk 4)' in '/recalbox/share/roms/readystream/macintosh/gamelist.xml'
DEBUG: Adding new entry for 'Family Lawyer for Macintosh (USA, Europe) (Disk 5)' in '/recalbox/share/roms/readystream/macintosh/gamelist.xml'
DEBUG: Adding new entry for 'FileMaker Pro (USA, Europe) (Templates)' in '/recalbox/share/roms/readystream/macintosh/gamelist.xml'
DEBUG: Adding new entry for 'FileMaker Pro (USA, Europe) (Utilities)' in '/recalbox/share/roms/readystream/macintosh/gamelist.xml'
DEBUG: Adding new entry for 'Fraction Munchers (Unknown) (Disk 1)' in '/recalbox/share/roms/readystream/macintosh/gamelist.xml'
DEBUG: Adding new entry for 'Fraction Munchers Version 1.0 Backup (Unknown) (Disk 1)' in '/recalbox/share/roms/readystream/macintosh/gamelist.xml'
DEBUG: Adding new entry for 'FullPaint (USA, Europe) (Print Utilities)' in '/recalbox/share/roms/readystream/macintosh/gamelist.xml'
DEBUG: Adding new entry for 'FullPaint (USA, Europe) (Program Disk)' in '/recalbox/share/roms/readystream/macintosh/gamelist.xml'
DEBUG: Adding new entry for 'Gauntlet (USA, Europe) (Disk 1)' in '/recalbox/share/roms/readystream/macintosh/gamelist.xml'
DEBUG: Adding new entry for 'Gauntlet (USA, Europe) (Disk 2)' in '/recalbox/share/roms/readystream/macintosh/gamelist.xml'
DEBUG: Adding new entry for 'Geometry (USA, Europe) (Disk 1)' in '/recalbox/share/roms/readystream/macintosh/gamelist.xml'
DEBUG: Adding new entry for 'Geometry (USA, Europe) (Disk 2)' in '/recalbox/share/roms/readystream/macintosh/gamelist.xml'
DEBUG: Adding new entry for 'GlobalFax (USA, Europe) (Disk 1)' in '/recalbox/share/roms/readystream/macintosh/gamelist.xml'
DEBUG: Adding new entry for 'Grappler 9 Pin Parallel Printer Interface (USA, Europe) (Disk 1)' in '/recalbox/share/roms/readystream/macintosh/gamelist.xml'
DEBUG: Adding new entry for 'HP DeskJet 850C Macintosh Printer Driver (USA, Europe) (Disk 1)' in '/recalbox/share/roms/readystream/macintosh/gamelist.xml'
DEBUG: Adding new entry for 'HP DeskJet 850C Macintosh Printer Driver (USA, Europe) (Disk 2)' in '/recalbox/share/roms/readystream/macintosh/gamelist.xml'
DEBUG: Adding new entry for 'HP DeskJet 850C Macintosh Printer Driver (USA, Europe) (Disk 3)' in '/recalbox/share/roms/readystream/macintosh/gamelist.xml'
DEBUG: Adding new entry for 'HP LaserJet 4MP Printer Software (USA, Europe) (Disk 1)' in '/recalbox/share/roms/readystream/macintosh/gamelist.xml'
DEBUG: Adding new entry for 'HP LaserJet 4MP Printer Software (USA, Europe) (Disk 2)' in '/recalbox/share/roms/readystream/macintosh/gamelist.xml'
DEBUG: Adding new entry for 'HP LaserJet 4MP Printer Software (USA, Europe) (Disk 3)' in '/recalbox/share/roms/readystream/macintosh/gamelist.xml'
DEBUG: Adding new entry for 'Harrier Strike Mission (USA, Europe) (Disk 1)' in '/recalbox/share/roms/readystream/macintosh/gamelist.xml'
DEBUG: Adding new entry for 'Hayden Speller (USA, Europe) (v1.2c)' in '/recalbox/share/roms/readystream/macintosh/gamelist.xml'
DEBUG: Adding new entry for 'Heaven & Earth (USA, Europe) (Disk 1)' in '/recalbox/share/roms/readystream/macintosh/gamelist.xml'
DEBUG: Adding new entry for 'Heaven & Earth (USA, Europe) (Disk 2)' in '/recalbox/share/roms/readystream/macintosh/gamelist.xml'
DEBUG: Adding new entry for 'Heaven & Earth (USA, Europe) (Disk 3)' in '/recalbox/share/roms/readystream/macintosh/gamelist.xml'
DEBUG: Adding new entry for 'Heaven & Earth (USA, Europe) (Disk 4)' in '/recalbox/share/roms/readystream/macintosh/gamelist.xml'
DEBUG: Adding new entry for 'Heaven & Earth (USA, Europe) (Disk 5)' in '/recalbox/share/roms/readystream/macintosh/gamelist.xml'
DEBUG: Adding new entry for 'Heaven & Earth (USA, Europe) (Disk 6)' in '/recalbox/share/roms/readystream/macintosh/gamelist.xml'
DEBUG: Adding new entry for 'HyperCard Projects for Kids (Unknown) (Disk 1)' in '/recalbox/share/roms/readystream/macintosh/gamelist.xml'
DEBUG: Adding new entry for 'HyperCard for Education (Unknown) (Disk 1)' in '/recalbox/share/roms/readystream/macintosh/gamelist.xml'
DEBUG: Adding new entry for 'HyperCard for Education (Unknown) (Disk 2)' in '/recalbox/share/roms/readystream/macintosh/gamelist.xml'
DEBUG: Adding new entry for 'HyperCard for Education (Unknown) (Disk 3)' in '/recalbox/share/roms/readystream/macintosh/gamelist.xml'
DEBUG: Adding new entry for 'HyperCard for Education (Unknown) (Disk 4)' in '/recalbox/share/roms/readystream/macintosh/gamelist.xml'
DEBUG: Adding new entry for 'HyperSound and HyperSound Toolkit (Unknown) (Disk 1)' in '/recalbox/share/roms/readystream/macintosh/gamelist.xml'
DEBUG: Adding new entry for 'Install Me, Too! MacLinkPlus Easy Open Translators (USA, Europe) (Disk 1)' in '/recalbox/share/roms/readystream/macintosh/gamelist.xml'
DEBUG: Adding new entry for 'Internet Starter Kit for Macintosh (USA, Europe) (Disk 1)' in '/recalbox/share/roms/readystream/macintosh/gamelist.xml'
DEBUG: Adding new entry for 'Jam Session (USA, Europe) (Music 1)' in '/recalbox/share/roms/readystream/macintosh/gamelist.xml'
DEBUG: Adding new entry for 'Jam Session (USA, Europe) (Music 2)' in '/recalbox/share/roms/readystream/macintosh/gamelist.xml'
DEBUG: Adding new entry for 'Jam Session (USA, Europe) (Program Disk)' in '/recalbox/share/roms/readystream/macintosh/gamelist.xml'
DEBUG: Adding new entry for 'King's Quest V (USA, Europe) (Disk 1)' in '/recalbox/share/roms/readystream/macintosh/gamelist.xml'
DEBUG: Adding new entry for 'King's Quest V (USA, Europe) (Disk 2)' in '/recalbox/share/roms/readystream/macintosh/gamelist.xml'
DEBUG: Adding new entry for 'King's Quest V (USA, Europe) (Disk 3)' in '/recalbox/share/roms/readystream/macintosh/gamelist.xml'
DEBUG: Adding new entry for 'King's Quest V (USA, Europe) (Disk 4) (Alt 2)' in '/recalbox/share/roms/readystream/macintosh/gamelist.xml'
DEBUG: Adding new entry for 'King's Quest V (USA, Europe) (Disk 4) (Alt)' in '/recalbox/share/roms/readystream/macintosh/gamelist.xml'
DEBUG: Adding new entry for 'King's Quest V (USA, Europe) (Disk 4)' in '/recalbox/share/roms/readystream/macintosh/gamelist.xml'
DEBUG: Adding new entry for 'King's Quest V (USA, Europe) (Disk 5)' in '/recalbox/share/roms/readystream/macintosh/gamelist.xml'
DEBUG: Adding new entry for 'King's Quest V (USA, Europe) (Disk 6)' in '/recalbox/share/roms/readystream/macintosh/gamelist.xml'
DEBUG: Adding new entry for 'King's Quest V (USA, Europe) (Disk 7)' in '/recalbox/share/roms/readystream/macintosh/gamelist.xml'
DEBUG: Adding new entry for 'King's Quest V (USA, Europe) (Startup Disk)' in '/recalbox/share/roms/readystream/macintosh/gamelist.xml'
DEBUG: Adding new entry for 'LaserWriter 300 Installation (USA, Europe) (Disk 1)' in '/recalbox/share/roms/readystream/macintosh/gamelist.xml'
DEBUG: Adding new entry for 'Lembracs (USA, Europe) (Disk 1)' in '/recalbox/share/roms/readystream/macintosh/gamelist.xml'
DEBUG: Adding new entry for 'Lemmings (USA, Europe) (Graphics Disk)' in '/recalbox/share/roms/readystream/macintosh/gamelist.xml'
DEBUG: Adding new entry for 'Lemmings (USA, Europe) (Levels & Sound Disk)' in '/recalbox/share/roms/readystream/macintosh/gamelist.xml'
DEBUG: Adding new entry for 'Lemmings (USA, Europe) (Program Disk)' in '/recalbox/share/roms/readystream/macintosh/gamelist.xml'
DEBUG: Adding new entry for 'Links Pro for Macintosh (USA, Europe) (Disk 1)' in '/recalbox/share/roms/readystream/macintosh/gamelist.xml'
DEBUG: Adding new entry for 'Links Pro for Macintosh (USA, Europe) (Disk 2)' in '/recalbox/share/roms/readystream/macintosh/gamelist.xml'
DEBUG: Adding new entry for 'Lode Runner (USA, Europe) (Disk 1)' in '/recalbox/share/roms/readystream/macintosh/gamelist.xml'
DEBUG: Adding new entry for 'Los Angeles Times Electronic Crossword Puzzles (USA, Europe) (Disk 1)' in '/recalbox/share/roms/readystream/macintosh/gamelist.xml'
DEBUG: Adding new entry for 'Los Angeles Times Electronic Crossword Puzzles (USA, Europe) (Disk 2)' in '/recalbox/share/roms/readystream/macintosh/gamelist.xml'
DEBUG: Adding new entry for 'Mac Attack (USA, Europe) (Disk 1)' in '/recalbox/share/roms/readystream/macintosh/gamelist.xml'
DEBUG: Adding new entry for 'Mac Challenger (USA, Europe)' in '/recalbox/share/roms/readystream/macintosh/gamelist.xml'
DEBUG: Adding new entry for 'Mac Com Center (USA, Europe)' in '/recalbox/share/roms/readystream/macintosh/gamelist.xml'
DEBUG: Adding new entry for 'Mac Companion - Poker Solitaire (USA, Europe) (v1.6)' in '/recalbox/share/roms/readystream/macintosh/gamelist.xml'
DEBUG: Adding new entry for 'Mac Companion 3-D Paddle Bash (USA, Europe) (Disk 1)' in '/recalbox/share/roms/readystream/macintosh/gamelist.xml'
DEBUG: Adding new entry for 'Mac Draft (USA, Europe)' in '/recalbox/share/roms/readystream/macintosh/gamelist.xml'
DEBUG: Adding new entry for 'Mac Draw II (USA, Europe) (Advanced Tour)' in '/recalbox/share/roms/readystream/macintosh/gamelist.xml'
DEBUG: Adding new entry for 'Mac Draw II (USA, Europe) (Dictionaries and Templates)' in '/recalbox/share/roms/readystream/macintosh/gamelist.xml'
DEBUG: Adding new entry for 'Mac Draw II (USA, Europe) (Disk 1)' in '/recalbox/share/roms/readystream/macintosh/gamelist.xml'
DEBUG: Adding new entry for 'Mac Draw II (USA, Europe) (Tour)' in '/recalbox/share/roms/readystream/macintosh/gamelist.xml'
DEBUG: Adding new entry for 'Mac Draw Pro (USA, Europe) (Disk 1)' in '/recalbox/share/roms/readystream/macintosh/gamelist.xml'
DEBUG: Adding new entry for 'Mac Draw Pro (USA, Europe) (Disk 2)' in '/recalbox/share/roms/readystream/macintosh/gamelist.xml'
DEBUG: Adding new entry for 'Mac Draw Pro (USA, Europe) (Help)' in '/recalbox/share/roms/readystream/macintosh/gamelist.xml'
DEBUG: Adding new entry for 'Mac Draw Pro (USA, Europe) (Hyper Tour)' in '/recalbox/share/roms/readystream/macintosh/gamelist.xml'
DEBUG: Adding new entry for 'Mac Draw Pro (USA, Europe) (Installer)' in '/recalbox/share/roms/readystream/macintosh/gamelist.xml'
DEBUG: Adding new entry for 'Mac Draw Pro (USA, Europe) (Reference)' in '/recalbox/share/roms/readystream/macintosh/gamelist.xml'
DEBUG: Adding new entry for 'Mac Golf (USA, Europe)' in '/recalbox/share/roms/readystream/macintosh/gamelist.xml'
DEBUG: Adding new entry for 'Mac OS 8 Disk Tools (USA, Europe) (Disk 1)' in '/recalbox/share/roms/readystream/macintosh/gamelist.xml'
DEBUG: Adding new entry for 'Mac OS 8 Disk Tools (USA, Europe) (Disk 2)' in '/recalbox/share/roms/readystream/macintosh/gamelist.xml'
DEBUG: Adding new entry for 'Mac Paint (USA, Europe) (Disk 1) (Alt)' in '/recalbox/share/roms/readystream/macintosh/gamelist.xml'
DEBUG: Adding new entry for 'Mac Paint (USA, Europe) (Disk 1)' in '/recalbox/share/roms/readystream/macintosh/gamelist.xml'
DEBUG: Adding new entry for 'Mac Paint (USA, Europe) (v1.5)' in '/recalbox/share/roms/readystream/macintosh/gamelist.xml'
DEBUG: Adding new entry for 'Mac SLIP (USA, Europe) (Disk 1)' in '/recalbox/share/roms/readystream/macintosh/gamelist.xml'
DEBUG: Adding new entry for 'Mac Temp (USA, Europe) (Disk 1)' in '/recalbox/share/roms/readystream/macintosh/gamelist.xml'
DEBUG: Adding new entry for 'Mac Tools (Unknown) (Disk 1)' in '/recalbox/share/roms/readystream/macintosh/gamelist.xml'
DEBUG: Adding new entry for 'Mac Tools (Unknown) (Disk 2)' in '/recalbox/share/roms/readystream/macintosh/gamelist.xml'
DEBUG: Adding new entry for 'Mac Tools (Unknown) (Disk 3)' in '/recalbox/share/roms/readystream/macintosh/gamelist.xml'
DEBUG: Adding new entry for 'Mac Tools (Unknown) (Disk 4)' in '/recalbox/share/roms/readystream/macintosh/gamelist.xml'
DEBUG: Adding new entry for 'Mac Tools Deluxe (USA, Europe) (Disk 2)' in '/recalbox/share/roms/readystream/macintosh/gamelist.xml'
DEBUG: Adding new entry for 'Mac Tools Deluxe (USA, Europe) (Disk 3)' in '/recalbox/share/roms/readystream/macintosh/gamelist.xml'
DEBUG: Adding new entry for 'Mac Tracks (USA, Europe)' in '/recalbox/share/roms/readystream/macintosh/gamelist.xml'
DEBUG: Adding new entry for 'Mac User 1001 Macintosh Hints & Tips (USA, Europe) (Disk 1)' in '/recalbox/share/roms/readystream/macintosh/gamelist.xml'
DEBUG: Adding new entry for 'Mac Vegas (USA, Europe)' in '/recalbox/share/roms/readystream/macintosh/gamelist.xml'
DEBUG: Adding new entry for 'Mac Write II (USA, Europe) (v1.1v2) (Disk 1)' in '/recalbox/share/roms/readystream/macintosh/gamelist.xml'
DEBUG: Adding new entry for 'MacWrite II v1.1v2 - Disk 2 - Reference (Unknown)' in '/recalbox/share/roms/readystream/macintosh/gamelist.xml'
DEBUG: Adding new entry for 'MacWrite II v1.1v2 - Disk 3 - Help (Unknown)' in '/recalbox/share/roms/readystream/macintosh/gamelist.xml'
DEBUG: Adding new entry for 'Macintosh CD-ROM Setup (USA, Europe) (Disk 1)' in '/recalbox/share/roms/readystream/macintosh/gamelist.xml'
DEBUG: Adding new entry for 'Macintosh SCSI Utility (USA, Europe) (Disk 1)' in '/recalbox/share/roms/readystream/macintosh/gamelist.xml'
DEBUG: Adding new entry for 'Magic Spells (Unknown) (Disk 1)' in '/recalbox/share/roms/readystream/macintosh/gamelist.xml'
DEBUG: Adding new entry for 'Math Blaster Mystery (Unknown) (Disk 1)' in '/recalbox/share/roms/readystream/macintosh/gamelist.xml'
DEBUG: Adding new entry for 'Math Blaster Mystery v1.0 (Unknown)' in '/recalbox/share/roms/readystream/macintosh/gamelist.xml'
DEBUG: Adding new entry for 'Maxima (Unknown) (Disk 1)' in '/recalbox/share/roms/readystream/macintosh/gamelist.xml'
DEBUG: Adding new entry for 'Microphone (Unknown) (Disk 1)' in '/recalbox/share/roms/readystream/macintosh/gamelist.xml'
DEBUG: Adding new entry for 'Microsoft Execl (Unknown) (Disk 1)' in '/recalbox/share/roms/readystream/macintosh/gamelist.xml'
DEBUG: Adding new entry for 'Microsoft Flight Simulator (Unknown) (Disk 1)' in '/recalbox/share/roms/readystream/macintosh/gamelist.xml'
DEBUG: Adding new entry for 'Microsoft PowerPoint Viewer for Macintosh (Unknown) (Disk 1)' in '/recalbox/share/roms/readystream/macintosh/gamelist.xml'
DEBUG: Adding new entry for 'Microsoft PowerPoint for Macintosh (Unknown) (Disk 1)' in '/recalbox/share/roms/readystream/macintosh/gamelist.xml'
DEBUG: Adding new entry for 'Microsoft PowerPoint for Macintosh (Unknown) (Disk 10)' in '/recalbox/share/roms/readystream/macintosh/gamelist.xml'
DEBUG: Adding new entry for 'Microsoft PowerPoint for Macintosh (Unknown) (Disk 2)' in '/recalbox/share/roms/readystream/macintosh/gamelist.xml'
DEBUG: Adding new entry for 'Microsoft PowerPoint for Macintosh (Unknown) (Disk 4)' in '/recalbox/share/roms/readystream/macintosh/gamelist.xml'
DEBUG: Adding new entry for 'Microsoft PowerPoint for Macintosh (Unknown) (Disk 5)' in '/recalbox/share/roms/readystream/macintosh/gamelist.xml'
DEBUG: Adding new entry for 'Microsoft PowerPoint for Macintosh (Unknown) (Disk 6)' in '/recalbox/share/roms/readystream/macintosh/gamelist.xml'
DEBUG: Adding new entry for 'Microsoft PowerPoint for Macintosh (Unknown) (Disk 7)' in '/recalbox/share/roms/readystream/macintosh/gamelist.xml'
DEBUG: Adding new entry for 'Microsoft PowerPoint for Macintosh (Unknown) (Disk 8)' in '/recalbox/share/roms/readystream/macintosh/gamelist.xml'
DEBUG: Adding new entry for 'Microsoft PowerPoint for Macintosh (Unknown) (Disk 9)' in '/recalbox/share/roms/readystream/macintosh/gamelist.xml'
DEBUG: Adding new entry for 'Microsoft Project for Macintosh (Unknown) (Disk 1)' in '/recalbox/share/roms/readystream/macintosh/gamelist.xml'
DEBUG: Adding new entry for 'Microsoft Project for Macintosh (Unknown) (Disk 2)' in '/recalbox/share/roms/readystream/macintosh/gamelist.xml'
DEBUG: Adding new entry for 'Microsoft Project for Macintosh (Unknown) (Disk 3)' in '/recalbox/share/roms/readystream/macintosh/gamelist.xml'
DEBUG: Adding new entry for 'Microsoft Project for Macintosh (Unknown) (Disk 4)' in '/recalbox/share/roms/readystream/macintosh/gamelist.xml'
DEBUG: Adding new entry for 'Microsoft Project for Macintosh (Unknown) (Disk 5)' in '/recalbox/share/roms/readystream/macintosh/gamelist.xml'
DEBUG: Adding new entry for 'Microsoft Project for Macintosh (Unknown) (Disk 6)' in '/recalbox/share/roms/readystream/macintosh/gamelist.xml'
DEBUG: Adding new entry for 'Microsoft Project for Macintosh and Power Macintosh (Unknown) (Disk 1)' in '/recalbox/share/roms/readystream/macintosh/gamelist.xml'
DEBUG: Adding new entry for 'Microsoft Project for Macintosh and Power Macintosh (Unknown) (Disk 2)' in '/recalbox/share/roms/readystream/macintosh/gamelist.xml'
DEBUG: Adding new entry for 'Microsoft Project for Macintosh and Power Macintosh (Unknown) (Disk 3)' in '/recalbox/share/roms/readystream/macintosh/gamelist.xml'
DEBUG: Adding new entry for 'Microsoft Project for Macintosh and Power Macintosh (Unknown) (Disk 4)' in '/recalbox/share/roms/readystream/macintosh/gamelist.xml'
DEBUG: Adding new entry for 'Microsoft Project for Macintosh and Power Macintosh (Unknown) (Disk 5)' in '/recalbox/share/roms/readystream/macintosh/gamelist.xml'
DEBUG: Adding new entry for 'Microsoft Project for Macintosh and Power Macintosh (Unknown) (Disk 6)' in '/recalbox/share/roms/readystream/macintosh/gamelist.xml'
DEBUG: Adding new entry for 'Microsoft Project for Macintosh and Power Macintosh (Unknown) (Disk 7)' in '/recalbox/share/roms/readystream/macintosh/gamelist.xml'
DEBUG: Adding new entry for 'Microsoft Project for Macintosh and Power Macintosh (Unknown) (Disk 8)' in '/recalbox/share/roms/readystream/macintosh/gamelist.xml'
DEBUG: Adding new entry for 'Microsoft Project for Macintosh and Power Macintosh (Unknown) (Disk 9)' in '/recalbox/share/roms/readystream/macintosh/gamelist.xml'
DEBUG: Adding new entry for 'Microsoft Word - Program (Unknown)' in '/recalbox/share/roms/readystream/macintosh/gamelist.xml'
DEBUG: Adding new entry for 'Microsoft Word - Utilities 1 (Unknown)' in '/recalbox/share/roms/readystream/macintosh/gamelist.xml'
DEBUG: Adding new entry for 'Microsoft Word - Utilities 2 (Unknown)' in '/recalbox/share/roms/readystream/macintosh/gamelist.xml'
DEBUG: Adding new entry for 'Microsoft Word for Macintosh and Power Macintosh (Disk 12) (Unknown)' in '/recalbox/share/roms/readystream/macintosh/gamelist.xml'
DEBUG: Adding new entry for 'Microsoft Word for Macintosh and Power Macintosh (Disk 13) (Unknown)' in '/recalbox/share/roms/readystream/macintosh/gamelist.xml'
DEBUG: Adding new entry for 'Microsoft Word for Macintosh and Power Macintosh (Unknown) (Disk 1)' in '/recalbox/share/roms/readystream/macintosh/gamelist.xml'
DEBUG: Adding new entry for 'Microsoft Word for Macintosh and Power Macintosh (Unknown) (Disk 10)' in '/recalbox/share/roms/readystream/macintosh/gamelist.xml'
DEBUG: Adding new entry for 'Microsoft Word for Macintosh and Power Macintosh (Unknown) (Disk 11)' in '/recalbox/share/roms/readystream/macintosh/gamelist.xml'
DEBUG: Adding new entry for 'Microsoft Word for Macintosh and Power Macintosh (Unknown) (Disk 2)' in '/recalbox/share/roms/readystream/macintosh/gamelist.xml'
DEBUG: Adding new entry for 'Microsoft Word for Macintosh and Power Macintosh (Unknown) (Disk 3)' in '/recalbox/share/roms/readystream/macintosh/gamelist.xml'
DEBUG: Adding new entry for 'Microsoft Word for Macintosh and Power Macintosh (Unknown) (Disk 4)' in '/recalbox/share/roms/readystream/macintosh/gamelist.xml'
DEBUG: Adding new entry for 'Microsoft Word for Macintosh and Power Macintosh (Unknown) (Disk 5)' in '/recalbox/share/roms/readystream/macintosh/gamelist.xml'
DEBUG: Adding new entry for 'Microsoft Word for Macintosh and Power Macintosh (Unknown) (Disk 6)' in '/recalbox/share/roms/readystream/macintosh/gamelist.xml'
DEBUG: Adding new entry for 'Microsoft Word for Macintosh and Power Macintosh (Unknown) (Disk 7)' in '/recalbox/share/roms/readystream/macintosh/gamelist.xml'
DEBUG: Adding new entry for 'Microsoft Word for Macintosh and Power Macintosh (Unknown) (Disk 8)' in '/recalbox/share/roms/readystream/macintosh/gamelist.xml'
DEBUG: Adding new entry for 'Microsoft Word for Macintosh and Power Macintosh (Unknown) (Disk 9)' in '/recalbox/share/roms/readystream/macintosh/gamelist.xml'
DEBUG: Adding new entry for 'Mind Forever Voyaging, A (USA, Europe)' in '/recalbox/share/roms/readystream/macintosh/gamelist.xml'
DEBUG: Adding new entry for 'Mind Over Mac (Unknown) (Disk 1)' in '/recalbox/share/roms/readystream/macintosh/gamelist.xml'
DEBUG: Adding new entry for 'Moonmist (Alt) (Unknown) (Disk 1)' in '/recalbox/share/roms/readystream/macintosh/gamelist.xml'
DEBUG: Adding new entry for 'Moonmist (Unknown) (Disk 1)' in '/recalbox/share/roms/readystream/macintosh/gamelist.xml'
DEBUG: Adding new entry for 'MouseKey Software (Unknown) (Disk 1)' in '/recalbox/share/roms/readystream/macintosh/gamelist.xml'
DEBUG: Adding new entry for 'My LabelMaker (Unknown) (Disk 1)' in '/recalbox/share/roms/readystream/macintosh/gamelist.xml'
DEBUG: Adding new entry for 'NEC MultiSpin Macintosh Installation (Unknown) (Disk 1)' in '/recalbox/share/roms/readystream/macintosh/gamelist.xml'
DEBUG: Adding new entry for 'New Math Blaster Plus! (Unknown) (Disk 1)' in '/recalbox/share/roms/readystream/macintosh/gamelist.xml'
DEBUG: Adding new entry for 'Norton Utilities - Application Disk (Unknown)' in '/recalbox/share/roms/readystream/macintosh/gamelist.xml'
DEBUG: Adding new entry for 'Norton Utilities - Emergency Disk (Unknown)' in '/recalbox/share/roms/readystream/macintosh/gamelist.xml'
DEBUG: Adding new entry for 'Norton Utilities - Installation Disk (Unknown)' in '/recalbox/share/roms/readystream/macintosh/gamelist.xml'
DEBUG: Adding new entry for 'Oids (Unknown)' in '/recalbox/share/roms/readystream/macintosh/gamelist.xml'
DEBUG: Adding new entry for 'OmniPage Direct (Unknown) (Disk 1)' in '/recalbox/share/roms/readystream/macintosh/gamelist.xml'
DEBUG: Adding new entry for 'One on One (Unknown) (Disk 1)' in '/recalbox/share/roms/readystream/macintosh/gamelist.xml'
DEBUG: Adding new entry for 'PGA Tour Golf (Unknown) (Disk 1)' in '/recalbox/share/roms/readystream/macintosh/gamelist.xml'
DEBUG: Adding new entry for 'PGA Tour Golf - Program Disk (Unknown)' in '/recalbox/share/roms/readystream/macintosh/gamelist.xml'
DEBUG: Adding new entry for 'Paintworks Gold - Art Disk (Unknown)' in '/recalbox/share/roms/readystream/macintosh/gamelist.xml'
DEBUG: Adding new entry for 'Paintworks Gold - Demonstration Disk (Unknown)' in '/recalbox/share/roms/readystream/macintosh/gamelist.xml'
DEBUG: Adding new entry for 'Paintworks Gold - Program Disk (Unknown)' in '/recalbox/share/roms/readystream/macintosh/gamelist.xml'
DEBUG: Adding new entry for 'Pax Imperia (Unknown) (Disk 1)' in '/recalbox/share/roms/readystream/macintosh/gamelist.xml'
DEBUG: Adding new entry for 'Pax Imperia (Unknown) (Disk 2)' in '/recalbox/share/roms/readystream/macintosh/gamelist.xml'
DEBUG: Adding new entry for 'Pax Imperia (Unknown) (Disk 3)' in '/recalbox/share/roms/readystream/macintosh/gamelist.xml'
DEBUG: Adding new entry for 'Pax Imperia - 1.02 Updater (Unknown)' in '/recalbox/share/roms/readystream/macintosh/gamelist.xml'
DEBUG: Adding new entry for 'Personal Ancestral File (Unknown) (Disk 1)' in '/recalbox/share/roms/readystream/macintosh/gamelist.xml'
DEBUG: Adding new entry for 'Personal Ancestral File (Unknown) (Disk 2)' in '/recalbox/share/roms/readystream/macintosh/gamelist.xml'
DEBUG: Adding new entry for 'Personal LaserWriter 320 - Installation (Unknown)' in '/recalbox/share/roms/readystream/macintosh/gamelist.xml'
DEBUG: Adding new entry for 'Personal LaserWriter 320 - Software Disk 1 (Unknown)' in '/recalbox/share/roms/readystream/macintosh/gamelist.xml'
DEBUG: Adding new entry for 'Personal LaserWriter 320 - Software Disk 2 (Unknown)' in '/recalbox/share/roms/readystream/macintosh/gamelist.xml'
DEBUG: Adding new entry for 'Personal LaserWriter 320 - Software Disk 3 (Unknown)' in '/recalbox/share/roms/readystream/macintosh/gamelist.xml'
DEBUG: Adding new entry for 'Personal LaserWriter NTR Macintosh Printer Software (Unknown) (Disk 1)' in '/recalbox/share/roms/readystream/macintosh/gamelist.xml'
DEBUG: Adding new entry for 'Personal LaserWriter NTR Macintosh Printer Software (Unknown) (Disk 2)' in '/recalbox/share/roms/readystream/macintosh/gamelist.xml'
DEBUG: Adding new entry for 'Personal LaserWriter NTR Macintosh Printer Software (Unknown) (Disk 3)' in '/recalbox/share/roms/readystream/macintosh/gamelist.xml'
DEBUG: Adding new entry for 'PlayMaker Football (Unknown) (Disk 1)' in '/recalbox/share/roms/readystream/macintosh/gamelist.xml'
DEBUG: Adding new entry for 'PlayMaker Football (Unknown) (Disk 2)' in '/recalbox/share/roms/readystream/macintosh/gamelist.xml'
DEBUG: Adding new entry for 'Pow Za Ker-Plunk - Art Disk (Unknown) (Disk 1)' in '/recalbox/share/roms/readystream/macintosh/gamelist.xml'
DEBUG: Adding new entry for 'Pow Za Ker-Plunk - The Comic Book Maker (Unknown) (Disk 1)' in '/recalbox/share/roms/readystream/macintosh/gamelist.xml'
DEBUG: Adding new entry for 'Prince of Persia (Unknown) (Disk 1)' in '/recalbox/share/roms/readystream/macintosh/gamelist.xml'
DEBUG: Adding new entry for 'Prince of Persia - Application and B & W Graphics (Unknown)' in '/recalbox/share/roms/readystream/macintosh/gamelist.xml'
DEBUG: Adding new entry for 'Prince of Persia - Color Graphics (Unknown)' in '/recalbox/share/roms/readystream/macintosh/gamelist.xml'
DEBUG: Adding new entry for 'Prince of Persia - LC Graphics (Unknown)' in '/recalbox/share/roms/readystream/macintosh/gamelist.xml'
DEBUG: Adding new entry for 'Printer Software (Unknown) (Disk 3)' in '/recalbox/share/roms/readystream/macintosh/gamelist.xml'
DEBUG: Adding new entry for 'Printer Software (Unknown) (Disk 4)' in '/recalbox/share/roms/readystream/macintosh/gamelist.xml'
DEBUG: Adding new entry for 'Professional Composer (Unknown) (Disk 1)' in '/recalbox/share/roms/readystream/macintosh/gamelist.xml'
DEBUG: Adding new entry for 'QuickTake for Power Macintosh Install Disk (Unknown) (Disk 1)' in '/recalbox/share/roms/readystream/macintosh/gamelist.xml'
DEBUG: Adding new entry for 'QuickTime (Unknown) (Disk 1)' in '/recalbox/share/roms/readystream/macintosh/gamelist.xml'
DEBUG: Adding new entry for 'Quicken (Unknown) (Disk 1)' in '/recalbox/share/roms/readystream/macintosh/gamelist.xml'
DEBUG: Adding new entry for 'RAM Doubler (Unknown) (Disk 1)' in '/recalbox/share/roms/readystream/macintosh/gamelist.xml'
DEBUG: Adding new entry for 'RAM Doubler 2 (Unknown) (Disk 1)' in '/recalbox/share/roms/readystream/macintosh/gamelist.xml'
DEBUG: Adding new entry for 'Rags to Riches (Unknown) (Disk 1)' in '/recalbox/share/roms/readystream/macintosh/gamelist.xml'
DEBUG: Adding new entry for 'Reader Rabbit (Unknown) (Disk 1)' in '/recalbox/share/roms/readystream/macintosh/gamelist.xml'
DEBUG: Adding new entry for 'Red Line! - High Performance Hard Drisk & Removable Drive Device Driver (Unknown)' in '/recalbox/share/roms/readystream/macintosh/gamelist.xml'
DEBUG: Adding new entry for 'Runtime Physics Explorer (Unknown) (Disk 1)' in '/recalbox/share/roms/readystream/macintosh/gamelist.xml'
DEBUG: Adding new entry for 'Russian-on-a-Disk (Unknown) (Disk 1)' in '/recalbox/share/roms/readystream/macintosh/gamelist.xml'
DEBUG: Adding new entry for 'Sargon III (Unknown) (Disk 1)' in '/recalbox/share/roms/readystream/macintosh/gamelist.xml'
DEBUG: Adding new entry for 'Science Cap - Bonus Disk- Classroom Management (Unknown)' in '/recalbox/share/roms/readystream/macintosh/gamelist.xml'
DEBUG: Adding new entry for 'Science Cap - Disk 10- Astronomy Unit (Unknown)' in '/recalbox/share/roms/readystream/macintosh/gamelist.xml'
DEBUG: Adding new entry for 'Science Cap - Disk 11- General Activities (Unknown)' in '/recalbox/share/roms/readystream/macintosh/gamelist.xml'
DEBUG: Adding new entry for 'Science Cap - Disk 14- Clip Art (Unknown)' in '/recalbox/share/roms/readystream/macintosh/gamelist.xml'
DEBUG: Adding new entry for 'Science Cap - Disk 4- Cells Unit (Unknown)' in '/recalbox/share/roms/readystream/macintosh/gamelist.xml'
DEBUG: Adding new entry for 'Science Cap - Disk 6- Weather Unit (Unknown)' in '/recalbox/share/roms/readystream/macintosh/gamelist.xml'
DEBUG: Adding new entry for 'Science Cap - Disk 7- Lab Skills Unit (Unknown)' in '/recalbox/share/roms/readystream/macintosh/gamelist.xml'
DEBUG: Adding new entry for 'Science Cap - Disk 8- Protist Unit (Unknown)' in '/recalbox/share/roms/readystream/macintosh/gamelist.xml'
DEBUG: Adding new entry for 'Science Cap - Disk 9- Geology Unit (Unknown)' in '/recalbox/share/roms/readystream/macintosh/gamelist.xml'
DEBUG: Adding new entry for 'SciencePlus - Program Disk (Unknown)' in '/recalbox/share/roms/readystream/macintosh/gamelist.xml'
DEBUG: Adding new entry for 'SciencePlus - Unit Disk 1 (Unknown)' in '/recalbox/share/roms/readystream/macintosh/gamelist.xml'
DEBUG: Adding new entry for 'SciencePlus - Unit Disk 2 (Unknown)' in '/recalbox/share/roms/readystream/macintosh/gamelist.xml'
DEBUG: Adding new entry for 'SciencePlus - Unit Disk 3 (Unknown)' in '/recalbox/share/roms/readystream/macintosh/gamelist.xml'
DEBUG: Adding new entry for 'Score Improvement System - Data Disk 1 (Unknown)' in '/recalbox/share/roms/readystream/macintosh/gamelist.xml'
DEBUG: Adding new entry for 'Score Improvement System - Data Disk 2 (Unknown)' in '/recalbox/share/roms/readystream/macintosh/gamelist.xml'
DEBUG: Adding new entry for 'Score Improvement System - Data Disk 3 (Unknown)' in '/recalbox/share/roms/readystream/macintosh/gamelist.xml'
DEBUG: Adding new entry for 'Score Improvement System - Program Disk (Unknown)' in '/recalbox/share/roms/readystream/macintosh/gamelist.xml'
DEBUG: Adding new entry for 'Seastalker (Alt) (Unknown) (Disk 1)' in '/recalbox/share/roms/readystream/macintosh/gamelist.xml'
DEBUG: Adding new entry for 'Seastalker (Unknown) (Disk 1)' in '/recalbox/share/roms/readystream/macintosh/gamelist.xml'
DEBUG: Adding new entry for 'Sid Meier's Railroad Tycoon (Disk A) (Unknown)' in '/recalbox/share/roms/readystream/macintosh/gamelist.xml'
DEBUG: Adding new entry for 'Sid Meier's Railroad Tycoon (Disk B) (Unknown)' in '/recalbox/share/roms/readystream/macintosh/gamelist.xml'
DEBUG: Adding new entry for 'Sid Meier's Railroad Tycoon (Disk C) (Unknown)' in '/recalbox/share/roms/readystream/macintosh/gamelist.xml'
DEBUG: Adding new entry for 'Sid Meier's Railroad Tycoon (Disk D) (Unknown)' in '/recalbox/share/roms/readystream/macintosh/gamelist.xml'
DEBUG: Adding new entry for 'Sid Meier's Railroad Tycoon (Disk E) (Unknown)' in '/recalbox/share/roms/readystream/macintosh/gamelist.xml'
DEBUG: Adding new entry for 'Silverlining (Unknown) (Disk 1)' in '/recalbox/share/roms/readystream/macintosh/gamelist.xml'
DEBUG: Adding new entry for 'Sim Earth v1.1 - Black & White Disk (Unknown)' in '/recalbox/share/roms/readystream/macintosh/gamelist.xml'
DEBUG: Adding new entry for 'Sim Earth v1.1 - Color Disk (Unknown)' in '/recalbox/share/roms/readystream/macintosh/gamelist.xml'
DEBUG: Adding new entry for 'SimAnt - Color (Unknown)' in '/recalbox/share/roms/readystream/macintosh/gamelist.xml'
DEBUG: Adding new entry for 'SimAnt - Monochrome (Unknown)' in '/recalbox/share/roms/readystream/macintosh/gamelist.xml'
DEBUG: Adding new entry for 'SimLife - Monochrome Disk (Unknown)' in '/recalbox/share/roms/readystream/macintosh/gamelist.xml'
DEBUG: Adding new entry for 'Skyfox (Unknown) (Disk 1)' in '/recalbox/share/roms/readystream/macintosh/gamelist.xml'
DEBUG: Adding new entry for 'Smash Hit Racquetball (Unknown) (Disk 1)' in '/recalbox/share/roms/readystream/macintosh/gamelist.xml'
DEBUG: Adding new entry for 'Snooper Desktop Diagnostics - Demo Disk (Unknown)' in '/recalbox/share/roms/readystream/macintosh/gamelist.xml'
DEBUG: Adding new entry for 'SoftPC (Unknown) (Disk 1)' in '/recalbox/share/roms/readystream/macintosh/gamelist.xml'
DEBUG: Adding new entry for 'SoftPC (Unknown) (Disk 10)' in '/recalbox/share/roms/readystream/macintosh/gamelist.xml'
DEBUG: Adding new entry for 'SoftPC (Unknown) (Disk 2)' in '/recalbox/share/roms/readystream/macintosh/gamelist.xml'
DEBUG: Adding new entry for 'SoftPC (Unknown) (Disk 3)' in '/recalbox/share/roms/readystream/macintosh/gamelist.xml'
DEBUG: Adding new entry for 'SoftPC (Unknown) (Disk 4)' in '/recalbox/share/roms/readystream/macintosh/gamelist.xml'
DEBUG: Adding new entry for 'SoftPC (Unknown) (Disk 5)' in '/recalbox/share/roms/readystream/macintosh/gamelist.xml'
DEBUG: Adding new entry for 'SoftPC (Unknown) (Disk 6)' in '/recalbox/share/roms/readystream/macintosh/gamelist.xml'
DEBUG: Adding new entry for 'SoftPC (Unknown) (Disk 7)' in '/recalbox/share/roms/readystream/macintosh/gamelist.xml'
DEBUG: Adding new entry for 'SoftPC (Unknown) (Disk 8)' in '/recalbox/share/roms/readystream/macintosh/gamelist.xml'
DEBUG: Adding new entry for 'SoftPC (Unknown) (Disk 9)' in '/recalbox/share/roms/readystream/macintosh/gamelist.xml'
DEBUG: Adding new entry for 'SoundEdit (Unknown) (Disk 1)' in '/recalbox/share/roms/readystream/macintosh/gamelist.xml'
DEBUG: Adding new entry for 'Space Ace II (USA, Europe) (Disk 1)' in '/recalbox/share/roms/readystream/macintosh/gamelist.xml'
DEBUG: Adding new entry for 'Space Ace II (USA, Europe) (Disk 2)' in '/recalbox/share/roms/readystream/macintosh/gamelist.xml'
DEBUG: Adding new entry for 'Space Ace II (USA, Europe) (Disk 3)' in '/recalbox/share/roms/readystream/macintosh/gamelist.xml'
DEBUG: Adding new entry for 'Space Ace II (USA, Europe) (Disk 4)' in '/recalbox/share/roms/readystream/macintosh/gamelist.xml'
DEBUG: Adding new entry for 'Space Ace II (USA, Europe) (Disk 5)' in '/recalbox/share/roms/readystream/macintosh/gamelist.xml'
DEBUG: Adding new entry for 'Spanish Word Torture v5.0.2 (Unknown)' in '/recalbox/share/roms/readystream/macintosh/gamelist.xml'
DEBUG: Adding new entry for 'Speed Doubler (Unknown) (Disk 1)' in '/recalbox/share/roms/readystream/macintosh/gamelist.xml'
DEBUG: Adding new entry for 'SpellCatcher (Unknown) (Disk 1)' in '/recalbox/share/roms/readystream/macintosh/gamelist.xml'
DEBUG: Adding new entry for 'SpellCatcher (Unknown) (Disk 2)' in '/recalbox/share/roms/readystream/macintosh/gamelist.xml'
DEBUG: Adding new entry for 'Spellbreaker (Unknown) (Disk 1)' in '/recalbox/share/roms/readystream/macintosh/gamelist.xml'
DEBUG: Adding new entry for 'Speller Bee (Unknown) (Disk 1)' in '/recalbox/share/roms/readystream/macintosh/gamelist.xml'
DEBUG: Adding new entry for 'Starcross (Unknown) (Disk 1)' in '/recalbox/share/roms/readystream/macintosh/gamelist.xml'
DEBUG: Adding new entry for 'Starflight - Color (Unknown)' in '/recalbox/share/roms/readystream/macintosh/gamelist.xml'
DEBUG: Adding new entry for 'Starflight - Mono (Unknown)' in '/recalbox/share/roms/readystream/macintosh/gamelist.xml'
DEBUG: Adding new entry for 'Starflight 2 - Color (Unknown)' in '/recalbox/share/roms/readystream/macintosh/gamelist.xml'
DEBUG: Adding new entry for 'Starflight 2 - Program Disk (Unknown)' in '/recalbox/share/roms/readystream/macintosh/gamelist.xml'
DEBUG: Adding new entry for 'Stuffit Deluxe (Unknown) (Disk 1)' in '/recalbox/share/roms/readystream/macintosh/gamelist.xml'
DEBUG: Adding new entry for 'Stuffit Deluxe (Unknown) (Disk 2)' in '/recalbox/share/roms/readystream/macintosh/gamelist.xml'
DEBUG: Adding new entry for 'Stylewriter II (Unknown) (Disk 2)' in '/recalbox/share/roms/readystream/macintosh/gamelist.xml'
DEBUG: Adding new entry for 'Stylewriter II (Unknown) (Disk 3)' in '/recalbox/share/roms/readystream/macintosh/gamelist.xml'
DEBUG: Adding new entry for 'Stylewriter II (Unknown) (Disk 4)' in '/recalbox/share/roms/readystream/macintosh/gamelist.xml'
DEBUG: Adding new entry for 'Stylewriter II - Installation (Unknown)' in '/recalbox/share/roms/readystream/macintosh/gamelist.xml'
DEBUG: Adding new entry for 'Surface Plotter (Demo) (Unknown)' in '/recalbox/share/roms/readystream/macintosh/gamelist.xml'
DEBUG: Adding new entry for 'System 7 Tune-Up (Alt) (Unknown) (Disk 1)' in '/recalbox/share/roms/readystream/macintosh/gamelist.xml'
DEBUG: Adding new entry for 'System 7 Tune-Up (Unknown) (Disk 1)' in '/recalbox/share/roms/readystream/macintosh/gamelist.xml'
DEBUG: Adding new entry for 'System 7.0.1 - Disk Tools (Unknown)' in '/recalbox/share/roms/readystream/macintosh/gamelist.xml'
DEBUG: Adding new entry for 'System 7.0.1 - Fonts (Unknown)' in '/recalbox/share/roms/readystream/macintosh/gamelist.xml'
DEBUG: Adding new entry for 'System 7.0.1 - Install 1 (Unknown)' in '/recalbox/share/roms/readystream/macintosh/gamelist.xml'
DEBUG: Adding new entry for 'System 7.0.1 - Install 2 (Unknown)' in '/recalbox/share/roms/readystream/macintosh/gamelist.xml'
DEBUG: Adding new entry for 'System 7.0.1 - Printing (Unknown)' in '/recalbox/share/roms/readystream/macintosh/gamelist.xml'
DEBUG: Adding new entry for 'System 7.0.1 - Tidbits (Unknown)' in '/recalbox/share/roms/readystream/macintosh/gamelist.xml'
DEBUG: Adding new entry for 'System 7.1 - Disk Tools (Unknown)' in '/recalbox/share/roms/readystream/macintosh/gamelist.xml'
DEBUG: Adding new entry for 'System 7.1 - Fonts (Unknown)' in '/recalbox/share/roms/readystream/macintosh/gamelist.xml'
DEBUG: Adding new entry for 'System 7.1 - Fonts 2 (Unknown)' in '/recalbox/share/roms/readystream/macintosh/gamelist.xml'
DEBUG: Adding new entry for 'System 7.1 - Install (Unknown)' in '/recalbox/share/roms/readystream/macintosh/gamelist.xml'
DEBUG: Adding new entry for 'System 7.1 - Install 2 (Unknown)' in '/recalbox/share/roms/readystream/macintosh/gamelist.xml'
DEBUG: Adding new entry for 'System 7.1 - Install 3 (Unknown)' in '/recalbox/share/roms/readystream/macintosh/gamelist.xml'
DEBUG: Adding new entry for 'System 7.1 - Printing (Unknown)' in '/recalbox/share/roms/readystream/macintosh/gamelist.xml'
DEBUG: Adding new entry for 'System 7.1 - Tidbits (Unknown)' in '/recalbox/share/roms/readystream/macintosh/gamelist.xml'
DEBUG: Adding new entry for 'System 7.1 - Tidbits 2 (Unknown)' in '/recalbox/share/roms/readystream/macintosh/gamelist.xml'
DEBUG: Adding new entry for 'Tetris (Unknown) (Disk 1)' in '/recalbox/share/roms/readystream/macintosh/gamelist.xml'
DEBUG: Adding new entry for 'The Chessmaster 2000 (Unknown) (Disk 1)' in '/recalbox/share/roms/readystream/macintosh/gamelist.xml'
DEBUG: Adding new entry for 'The Dinosaur Designer (Unknown) (Disk 1)' in '/recalbox/share/roms/readystream/macintosh/gamelist.xml'
DEBUG: Adding new entry for 'The Disney Collection Screen Saver (Unknown) (Disk 1)' in '/recalbox/share/roms/readystream/macintosh/gamelist.xml'
DEBUG: Adding new entry for 'The Disney Collection Screen Saver (Unknown) (Disk 2)' in '/recalbox/share/roms/readystream/macintosh/gamelist.xml'
DEBUG: Adding new entry for 'The Disney Collection Screen Saver (Unknown) (Disk 3)' in '/recalbox/share/roms/readystream/macintosh/gamelist.xml'
DEBUG: Adding new entry for 'The Disney Collection Screen Saver (Unknown) (Disk 4)' in '/recalbox/share/roms/readystream/macintosh/gamelist.xml'
DEBUG: Adding new entry for 'The Elements of Style (Unknown) (Disk 1)' in '/recalbox/share/roms/readystream/macintosh/gamelist.xml'
DEBUG: Adding new entry for 'The Far Side Daily Planner (Unknown) (Disk 1)' in '/recalbox/share/roms/readystream/macintosh/gamelist.xml'
DEBUG: Adding new entry for 'The Far Side Daily Planner (Unknown) (Disk 2)' in '/recalbox/share/roms/readystream/macintosh/gamelist.xml'
DEBUG: Adding new entry for 'The Far Side Daily Planner (Unknown) (Disk 3)' in '/recalbox/share/roms/readystream/macintosh/gamelist.xml'
DEBUG: Adding new entry for 'The Far Side Daily Planner (Unknown) (Disk 4)' in '/recalbox/share/roms/readystream/macintosh/gamelist.xml'
DEBUG: Adding new entry for 'The Far Side Daily Planner (Unknown) (Disk 5)' in '/recalbox/share/roms/readystream/macintosh/gamelist.xml'
DEBUG: Adding new entry for 'The Far Side Daily Planner (Unknown) (Disk 6)' in '/recalbox/share/roms/readystream/macintosh/gamelist.xml'
DEBUG: Adding new entry for 'The Far Side Daily Planner (Unknown) (Disk 7)' in '/recalbox/share/roms/readystream/macintosh/gamelist.xml'
DEBUG: Adding new entry for 'The Far Side Daily Planner - Theme Pack (Unknown)' in '/recalbox/share/roms/readystream/macintosh/gamelist.xml'
DEBUG: Adding new entry for 'The Hitchhiker's Guide to the Galaxy (Alt 2) (Unknown) (Disk 1)' in '/recalbox/share/roms/readystream/macintosh/gamelist.xml'
DEBUG: Adding new entry for 'The Hitchhiker's Guide to the Galaxy (Alt) (Unknown) (Disk 1)' in '/recalbox/share/roms/readystream/macintosh/gamelist.xml'
DEBUG: Adding new entry for 'The Hitchhiker's Guide to the Galaxy (Unknown) (Disk 1)' in '/recalbox/share/roms/readystream/macintosh/gamelist.xml'
DEBUG: Adding new entry for 'The Hunt for Red October (Unknown) (Disk 1)' in '/recalbox/share/roms/readystream/macintosh/gamelist.xml'
DEBUG: Adding new entry for 'The Mac Shareware 500 (Unknown) (Disk 2)' in '/recalbox/share/roms/readystream/macintosh/gamelist.xml'
DEBUG: Adding new entry for 'The Macintosh Bible Fourth Edition - Right Brain Disk (Unknown)' in '/recalbox/share/roms/readystream/macintosh/gamelist.xml'
DEBUG: Adding new entry for 'The Macintosh Bible Third Edition - Right Brain Disk (Unknown)' in '/recalbox/share/roms/readystream/macintosh/gamelist.xml'
DEBUG: Adding new entry for 'The Norton Utilities for Macintosh - Emergency Disk (Alt 2) (Unknown)' in '/recalbox/share/roms/readystream/macintosh/gamelist.xml'
DEBUG: Adding new entry for 'The Norton Utilities for Macintosh - Emergency Disk (Alt 3) (Unknown)' in '/recalbox/share/roms/readystream/macintosh/gamelist.xml'
DEBUG: Adding new entry for 'The Norton Utilities for Macintosh - Emergency Disk (Alt 4) (Unknown)' in '/recalbox/share/roms/readystream/macintosh/gamelist.xml'
DEBUG: Adding new entry for 'The Norton Utilities for Macintosh - Emergency Disk (Alt) (Unknown)' in '/recalbox/share/roms/readystream/macintosh/gamelist.xml'
DEBUG: Adding new entry for 'The Norton Utilities for Macintosh - Emergency Disk (Unknown)' in '/recalbox/share/roms/readystream/macintosh/gamelist.xml'
DEBUG: Adding new entry for 'The Norton Utilities for Macintosh - Install Me First (Alt 2) (Unknown)' in '/recalbox/share/roms/readystream/macintosh/gamelist.xml'
DEBUG: Adding new entry for 'The Norton Utilities for Macintosh - Install Me First (Alt) (Unknown)' in '/recalbox/share/roms/readystream/macintosh/gamelist.xml'
DEBUG: Adding new entry for 'The Norton Utilities for Macintosh - Install Me First (Unknown)' in '/recalbox/share/roms/readystream/macintosh/gamelist.xml'
DEBUG: Adding new entry for 'The Norton Utilities for Macintosh - Norton Disk Editor Startup Disk (Unknown)' in '/recalbox/share/roms/readystream/macintosh/gamelist.xml'
DEBUG: Adding new entry for 'The Norton Utilities for Macintosh - Speed Disk Startup Disk (Alt) (Unknown)' in '/recalbox/share/roms/readystream/macintosh/gamelist.xml'
DEBUG: Adding new entry for 'The Norton Utilities for Macintosh - Speed Disk Startup Disk (Unknown)' in '/recalbox/share/roms/readystream/macintosh/gamelist.xml'
DEBUG: Adding new entry for 'The Norton Utilities for Macintosh - Utilities Disk #1 (Unknown)' in '/recalbox/share/roms/readystream/macintosh/gamelist.xml'
DEBUG: Adding new entry for 'The Norton Utilities for Macintosh - Utilities Disk #2 (Unknown)' in '/recalbox/share/roms/readystream/macintosh/gamelist.xml'
DEBUG: Adding new entry for 'The Norton Utilities for Macintosh - Utilities Disk 1 (Alt) (Unknown)' in '/recalbox/share/roms/readystream/macintosh/gamelist.xml'
DEBUG: Adding new entry for 'The Norton Utilities for Macintosh - Utilities Disk 1 (Unknown)' in '/recalbox/share/roms/readystream/macintosh/gamelist.xml'
DEBUG: Adding new entry for 'The Norton Utilities for Macintosh - Utilities Disk 2 (Alt) (Unknown)' in '/recalbox/share/roms/readystream/macintosh/gamelist.xml'
DEBUG: Adding new entry for 'The Norton Utilities for Macintosh - Utilities Disk 2 (Unknown)' in '/recalbox/share/roms/readystream/macintosh/gamelist.xml'
DEBUG: Adding new entry for 'The Photoshop Wow Book Companion Disk (Unknown) (Disk 1)' in '/recalbox/share/roms/readystream/macintosh/gamelist.xml'
DEBUG: Adding new entry for 'The Print Shop (Unknown) (Disk 1)' in '/recalbox/share/roms/readystream/macintosh/gamelist.xml'
DEBUG: Adding new entry for 'The Secret Codes of Cypher - Black & White Disk (Unknown)' in '/recalbox/share/roms/readystream/macintosh/gamelist.xml'
DEBUG: Adding new entry for 'The Tinies (Unknown) (Disk 1)' in '/recalbox/share/roms/readystream/macintosh/gamelist.xml'
DEBUG: Adding new entry for 'The Witness (Alt) (Unknown) (Disk 1)' in '/recalbox/share/roms/readystream/macintosh/gamelist.xml'
DEBUG: Adding new entry for 'The Witness (Unknown) (Disk 1)' in '/recalbox/share/roms/readystream/macintosh/gamelist.xml'
DEBUG: Adding new entry for 'Think Quick (Unknown) (Disk 1)' in '/recalbox/share/roms/readystream/macintosh/gamelist.xml'
DEBUG: Adding new entry for 'ThinkTank (Alt) (Unknown) (Disk 1)' in '/recalbox/share/roms/readystream/macintosh/gamelist.xml'
DEBUG: Adding new entry for 'ThinkTank (Unknown) (Disk 1)' in '/recalbox/share/roms/readystream/macintosh/gamelist.xml'
DEBUG: Adding new entry for 'TimeWorks Publish It Easy 2.1 (Unknown) (Disk 1)' in '/recalbox/share/roms/readystream/macintosh/gamelist.xml'
DEBUG: Adding new entry for 'TimeWorks Publish It Easy 2.1 (Unknown) (Disk 2)' in '/recalbox/share/roms/readystream/macintosh/gamelist.xml'
DEBUG: Adding new entry for 'TimeWorks Publish It Easy 2.1 (Unknown) (Disk 3)' in '/recalbox/share/roms/readystream/macintosh/gamelist.xml'
DEBUG: Adding new entry for 'Tristan v1.03 (Unknown)' in '/recalbox/share/roms/readystream/macintosh/gamelist.xml'
DEBUG: Adding new entry for 'Tristan v1.03 - LC (Unknown)' in '/recalbox/share/roms/readystream/macintosh/gamelist.xml'
DEBUG: Adding new entry for 'Turbo Mouse Software for Macintosh (Unknown) (Disk 1)' in '/recalbox/share/roms/readystream/macintosh/gamelist.xml'
DEBUG: Adding new entry for 'Type! (Unknown) (Disk 1)' in '/recalbox/share/roms/readystream/macintosh/gamelist.xml'
DEBUG: Adding new entry for 'Video Software - Installer Disk (Unknown)' in '/recalbox/share/roms/readystream/macintosh/gamelist.xml'
DEBUG: Adding new entry for 'Video Software - Installer Disk 2 (Unknown)' in '/recalbox/share/roms/readystream/macintosh/gamelist.xml'
DEBUG: Adding new entry for 'Warlords (Unknown) (Disk 1)' in '/recalbox/share/roms/readystream/macintosh/gamelist.xml'
DEBUG: Adding new entry for 'Warlords (Unknown) (Disk 2)' in '/recalbox/share/roms/readystream/macintosh/gamelist.xml'
DEBUG: Adding new entry for 'Warlords (Unknown) (Disk 3)' in '/recalbox/share/roms/readystream/macintosh/gamelist.xml'
DEBUG: Adding new entry for 'Where in Europe is Carmen Sandiego (Unknown) (Disk 1)' in '/recalbox/share/roms/readystream/macintosh/gamelist.xml'
DEBUG: Adding new entry for 'Where in Europe is Carmen Sandiego v1.0 (Unknown) (Disk 1)' in '/recalbox/share/roms/readystream/macintosh/gamelist.xml'
DEBUG: Adding new entry for 'Where in Europe is Carmen Sandiego v1.0 (Unknown) (Disk 2)' in '/recalbox/share/roms/readystream/macintosh/gamelist.xml'
DEBUG: Adding new entry for 'Where in Time is Carmen Sandiego (Unknown) (Disk 1)' in '/recalbox/share/roms/readystream/macintosh/gamelist.xml'
DEBUG: Adding new entry for 'Where in Time is Carmen Sandiego (Unknown) (Disk 2)' in '/recalbox/share/roms/readystream/macintosh/gamelist.xml'
DEBUG: Adding new entry for 'Where in Time is Carmen Sandiego (Unknown) (Disk 3)' in '/recalbox/share/roms/readystream/macintosh/gamelist.xml'
DEBUG: Adding new entry for 'Where in the USA is Carmen Sandiego (Unknown) (Disk 1)' in '/recalbox/share/roms/readystream/macintosh/gamelist.xml'
DEBUG: Adding new entry for 'Where in the World is Carmen Sandiego (Unknown) (Disk 1) (Alt)' in '/recalbox/share/roms/readystream/macintosh/gamelist.xml'
DEBUG: Adding new entry for 'Where in the World is Carmen Sandiego (Unknown) (Disk 1)' in '/recalbox/share/roms/readystream/macintosh/gamelist.xml'
DEBUG: Adding new entry for 'Wingz - Help and examples (Unknown)' in '/recalbox/share/roms/readystream/macintosh/gamelist.xml'
DEBUG: Adding new entry for 'Wingz - Mac II version (Unknown)' in '/recalbox/share/roms/readystream/macintosh/gamelist.xml'
DEBUG: Adding new entry for 'Wingz - Mac Plus or SE version (Unknown)' in '/recalbox/share/roms/readystream/macintosh/gamelist.xml'
DEBUG: Adding new entry for 'Winter Games (Alt) (Unknown) (Disk 1)' in '/recalbox/share/roms/readystream/macintosh/gamelist.xml'
DEBUG: Adding new entry for 'Winter Games (Unknown) (Disk 1)' in '/recalbox/share/roms/readystream/macintosh/gamelist.xml'
DEBUG: Adding new entry for 'Wizardry VI - A (Unknown)' in '/recalbox/share/roms/readystream/macintosh/gamelist.xml'
DEBUG: Adding new entry for 'Wizardry VI - B (Unknown)' in '/recalbox/share/roms/readystream/macintosh/gamelist.xml'
DEBUG: Adding new entry for 'Wizardry VI - C (Unknown)' in '/recalbox/share/roms/readystream/macintosh/gamelist.xml'
DEBUG: Adding new entry for 'Wizardry VI - D (Unknown)' in '/recalbox/share/roms/readystream/macintosh/gamelist.xml'
DEBUG: Adding new entry for 'Wizardry VI - E (Unknown)' in '/recalbox/share/roms/readystream/macintosh/gamelist.xml'
DEBUG: Adding new entry for 'Wizardry VI - F (Unknown)' in '/recalbox/share/roms/readystream/macintosh/gamelist.xml'
DEBUG: Adding new entry for 'Word Munchers (Unknown) (Disk 1)' in '/recalbox/share/roms/readystream/macintosh/gamelist.xml'
DEBUG: Adding new entry for 'WordPerfect (Unknown) (Disk 1)' in '/recalbox/share/roms/readystream/macintosh/gamelist.xml'
DEBUG: Adding new entry for 'WordPerfect (Unknown) (Disk 2)' in '/recalbox/share/roms/readystream/macintosh/gamelist.xml'
DEBUG: Adding new entry for 'WordPerfect (Unknown) (Disk 3)' in '/recalbox/share/roms/readystream/macintosh/gamelist.xml'
DEBUG: Adding new entry for 'WordPerfect (Unknown) (Disk 4)' in '/recalbox/share/roms/readystream/macintosh/gamelist.xml'
DEBUG: Adding new entry for 'WordPerfect (Unknown) (Disk 5)' in '/recalbox/share/roms/readystream/macintosh/gamelist.xml'
DEBUG: Adding new entry for 'Writer Rabbit (Unknown) (Disk 1)' in '/recalbox/share/roms/readystream/macintosh/gamelist.xml'
DEBUG: Adding new entry for 'Your Tour of the Apple IIc Plus (Unknown) (Disk 1)' in '/recalbox/share/roms/readystream/macintosh/gamelist.xml'
DEBUG: Adding new entry for 'Zork II (Alt) (Unknown) (Disk 1)' in '/recalbox/share/roms/readystream/macintosh/gamelist.xml'
DEBUG: Adding new entry for 'Zork II (Unknown) (Disk 1)' in '/recalbox/share/roms/readystream/macintosh/gamelist.xml'
DEBUG: Adding new entry for 'Zork III (Unknown) (Disk 1)' in '/recalbox/share/roms/readystream/macintosh/gamelist.xml'
DEBUG: Adding new entry for 'inCider A+ February 91 Editorial (Unknown) (Disk 1)' in '/recalbox/share/roms/readystream/macintosh/gamelist.xml'
DEBUG: Adding new entry for 'pfs-file & pfs-report (Alt) (Unknown) (Disk 1)' in '/recalbox/share/roms/readystream/macintosh/gamelist.xml'
DEBUG: Adding new entry for 'pfs-file & pfs-report (Unknown) (Disk 1)' in '/recalbox/share/roms/readystream/macintosh/gamelist.xml'
INFO: Gamelist.xml MD5 checksum created: '/recalbox/share/roms/readystream/macintosh/gamelist.xml.md5'
